/home/ugrp/.local/lib/python3.10/site-packages/setuptools/dist.py:717: UserWarning: Usage of dash-separated 'script-dir' will not be supported in future versions. Please use the underscore name 'script_dir' instead
  warnings.warn(
running egg_info
creating ../../../build/simple_safety_node/simple_safety_node.egg-info
writing ../../../build/simple_safety_node/simple_safety_node.egg-info/PKG-INFO
writing dependency_links to ../../../build/simple_safety_node/simple_safety_node.egg-info/dependency_links.txt
writing entry points to ../../../build/simple_safety_node/simple_safety_node.egg-info/entry_points.txt
writing requirements to ../../../build/simple_safety_node/simple_safety_node.egg-info/requires.txt
writing top-level names to ../../../build/simple_safety_node/simple_safety_node.egg-info/top_level.txt
writing manifest file '../../../build/simple_safety_node/simple_safety_node.egg-info/SOURCES.txt'
reading manifest file '../../../build/simple_safety_node/simple_safety_node.egg-info/SOURCES.txt'
writing manifest file '../../../build/simple_safety_node/simple_safety_node.egg-info/SOURCES.txt'
running build
running build_py
creating /home/ugrp/f1tenth_ws/build/simple_safety_node/build
creating /home/ugrp/f1tenth_ws/build/simple_safety_node/build/lib
creating /home/ugrp/f1tenth_ws/build/simple_safety_node/build/lib/simple_safety_node
copying simple_safety_node/simple_safety_node.py -> /home/ugrp/f1tenth_ws/build/simple_safety_node/build/lib/simple_safety_node
copying simple_safety_node/__init__.py -> /home/ugrp/f1tenth_ws/build/simple_safety_node/build/lib/simple_safety_node
running install
running install_lib
creating /home/ugrp/f1tenth_ws/install/simple_safety_node/lib/python3.10/site-packages/simple_safety_node
copying /home/ugrp/f1tenth_ws/build/simple_safety_node/build/lib/simple_safety_node/simple_safety_node.py -> /home/ugrp/f1tenth_ws/install/simple_safety_node/lib/python3.10/site-packages/simple_safety_node
copying /home/ugrp/f1tenth_ws/build/simple_safety_node/build/lib/simple_safety_node/__init__.py -> /home/ugrp/f1tenth_ws/install/simple_safety_node/lib/python3.10/site-packages/simple_safety_node
byte-compiling /home/ugrp/f1tenth_ws/install/simple_safety_node/lib/python3.10/site-packages/simple_safety_node/simple_safety_node.py to simple_safety_node.cpython-310.pyc
byte-compiling /home/ugrp/f1tenth_ws/install/simple_safety_node/lib/python3.10/site-packages/simple_safety_node/__init__.py to __init__.cpython-310.pyc
running install_data
creating /home/ugrp/f1tenth_ws/install/simple_safety_node/share/ament_index
creating /home/ugrp/f1tenth_ws/install/simple_safety_node/share/ament_index/resource_index
creating /home/ugrp/f1tenth_ws/install/simple_safety_node/share/ament_index/resource_index/packages
copying resource/simple_safety_node -> /home/ugrp/f1tenth_ws/install/simple_safety_node/share/ament_index/resource_index/packages
copying package.xml -> /home/ugrp/f1tenth_ws/install/simple_safety_node/share/simple_safety_node
running install_egg_info
Copying ../../../build/simple_safety_node/simple_safety_node.egg-info to /home/ugrp/f1tenth_ws/install/simple_safety_node/lib/python3.10/site-packages/simple_safety_node-0.0.0-py3.10.egg-info
running install_scripts
Installing simple_safety_node script to /home/ugrp/f1tenth_ws/install/simple_safety_node/lib/simple_safety_node
writing list of installed files to '/home/ugrp/f1tenth_ws/build/simple_safety_node/install.log'
