[0.574s] Invoking command in '/home/ugrp/f1tenth_ws/src/f1tenth-software-stack/simple_safety_node': PYTHONPATH=/home/ugrp/f1tenth_ws/build/simple_safety_node/prefix_override:/usr/lib/python3/dist-packages/colcon_core/task/python/colcon_distutils_commands:/home/ugrp/f1tenth_ws/install/simple_safety_node/lib/python3.10/site-packages:${PYTHONPATH} /usr/bin/python3 -W ignore:setup.py install is deprecated -W ignore:easy_install command is deprecated setup.py egg_info --egg-base ../../../build/simple_safety_node build --build-base /home/ugrp/f1tenth_ws/build/simple_safety_node/build install --record /home/ugrp/f1tenth_ws/build/simple_safety_node/install.log --install-scripts $base/lib/simple_safety_node --single-version-externally-managed install_data
[0.726s] /home/ugrp/.local/lib/python3.10/site-packages/setuptools/dist.py:717: UserWarning: Usage of dash-separated 'script-dir' will not be supported in future versions. Please use the underscore name 'script_dir' instead
[0.726s]   warnings.warn(
[0.740s] running egg_info
[0.741s] creating ../../../build/simple_safety_node/simple_safety_node.egg-info
[0.741s] writing ../../../build/simple_safety_node/simple_safety_node.egg-info/PKG-INFO
[0.741s] writing dependency_links to ../../../build/simple_safety_node/simple_safety_node.egg-info/dependency_links.txt
[0.741s] writing entry points to ../../../build/simple_safety_node/simple_safety_node.egg-info/entry_points.txt
[0.741s] writing requirements to ../../../build/simple_safety_node/simple_safety_node.egg-info/requires.txt
[0.741s] writing top-level names to ../../../build/simple_safety_node/simple_safety_node.egg-info/top_level.txt
[0.741s] writing manifest file '../../../build/simple_safety_node/simple_safety_node.egg-info/SOURCES.txt'
[0.742s] reading manifest file '../../../build/simple_safety_node/simple_safety_node.egg-info/SOURCES.txt'
[0.742s] writing manifest file '../../../build/simple_safety_node/simple_safety_node.egg-info/SOURCES.txt'
[0.742s] running build
[0.742s] running build_py
[0.743s] creating /home/ugrp/f1tenth_ws/build/simple_safety_node/build
[0.743s] creating /home/ugrp/f1tenth_ws/build/simple_safety_node/build/lib
[0.743s] creating /home/ugrp/f1tenth_ws/build/simple_safety_node/build/lib/simple_safety_node
[0.743s] copying simple_safety_node/simple_safety_node.py -> /home/ugrp/f1tenth_ws/build/simple_safety_node/build/lib/simple_safety_node
[0.743s] copying simple_safety_node/__init__.py -> /home/ugrp/f1tenth_ws/build/simple_safety_node/build/lib/simple_safety_node
[0.743s] running install
[0.743s] running install_lib
[0.743s] creating /home/ugrp/f1tenth_ws/install/simple_safety_node/lib/python3.10/site-packages/simple_safety_node
[0.743s] copying /home/ugrp/f1tenth_ws/build/simple_safety_node/build/lib/simple_safety_node/simple_safety_node.py -> /home/ugrp/f1tenth_ws/install/simple_safety_node/lib/python3.10/site-packages/simple_safety_node
[0.743s] copying /home/ugrp/f1tenth_ws/build/simple_safety_node/build/lib/simple_safety_node/__init__.py -> /home/ugrp/f1tenth_ws/install/simple_safety_node/lib/python3.10/site-packages/simple_safety_node
[0.744s] byte-compiling /home/ugrp/f1tenth_ws/install/simple_safety_node/lib/python3.10/site-packages/simple_safety_node/simple_safety_node.py to simple_safety_node.cpython-310.pyc
[0.744s] byte-compiling /home/ugrp/f1tenth_ws/install/simple_safety_node/lib/python3.10/site-packages/simple_safety_node/__init__.py to __init__.cpython-310.pyc
[0.744s] running install_data
[0.744s] creating /home/ugrp/f1tenth_ws/install/simple_safety_node/share/ament_index
[0.745s] creating /home/ugrp/f1tenth_ws/install/simple_safety_node/share/ament_index/resource_index
[0.745s] creating /home/ugrp/f1tenth_ws/install/simple_safety_node/share/ament_index/resource_index/packages
[0.745s] copying resource/simple_safety_node -> /home/ugrp/f1tenth_ws/install/simple_safety_node/share/ament_index/resource_index/packages
[0.745s] copying package.xml -> /home/ugrp/f1tenth_ws/install/simple_safety_node/share/simple_safety_node
[0.745s] running install_egg_info
[0.745s] Copying ../../../build/simple_safety_node/simple_safety_node.egg-info to /home/ugrp/f1tenth_ws/install/simple_safety_node/lib/python3.10/site-packages/simple_safety_node-0.0.0-py3.10.egg-info
[0.746s] running install_scripts
[0.757s] Installing simple_safety_node script to /home/ugrp/f1tenth_ws/install/simple_safety_node/lib/simple_safety_node
[0.757s] writing list of installed files to '/home/ugrp/f1tenth_ws/build/simple_safety_node/install.log'
[0.785s] Invoked command in '/home/ugrp/f1tenth_ws/src/f1tenth-software-stack/simple_safety_node' returned '0': PYTHONPATH=/home/ugrp/f1tenth_ws/build/simple_safety_node/prefix_override:/usr/lib/python3/dist-packages/colcon_core/task/python/colcon_distutils_commands:/home/ugrp/f1tenth_ws/install/simple_safety_node/lib/python3.10/site-packages:${PYTHONPATH} /usr/bin/python3 -W ignore:setup.py install is deprecated -W ignore:easy_install command is deprecated setup.py egg_info --egg-base ../../../build/simple_safety_node build --build-base /home/ugrp/f1tenth_ws/build/simple_safety_node/build install --record /home/ugrp/f1tenth_ws/build/simple_safety_node/install.log --install-scripts $base/lib/simple_safety_node --single-version-externally-managed install_data
