[0.592s] Invoking command in '/home/ugrp/f1tenth_ws/src/f1tenth_gym_ros': PYTHONPATH=/home/ugrp/f1tenth_ws/build/f1tenth_gym_ros/prefix_override:/usr/lib/python3/dist-packages/colcon_core/task/python/colcon_distutils_commands:/home/ugrp/f1tenth_ws/install/f1tenth_gym_ros/lib/python3.10/site-packages:${PYTHONPATH} /usr/bin/python3 -W ignore:setup.py install is deprecated -W ignore:easy_install command is deprecated setup.py egg_info --egg-base ../../build/f1tenth_gym_ros build --build-base /home/ugrp/f1tenth_ws/build/f1tenth_gym_ros/build install --record /home/ugrp/f1tenth_ws/build/f1tenth_gym_ros/install.log --install-scripts $base/lib/f1tenth_gym_ros --single-version-externally-managed install_data
[0.728s] /home/ugrp/.local/lib/python3.10/site-packages/setuptools/dist.py:717: UserWarning: Usage of dash-separated 'script-dir' will not be supported in future versions. Please use the underscore name 'script_dir' instead
[0.728s]   warnings.warn(
[0.743s] running egg_info
[0.743s] creating ../../build/f1tenth_gym_ros/f1tenth_gym_ros.egg-info
[0.743s] writing ../../build/f1tenth_gym_ros/f1tenth_gym_ros.egg-info/PKG-INFO
[0.743s] writing dependency_links to ../../build/f1tenth_gym_ros/f1tenth_gym_ros.egg-info/dependency_links.txt
[0.743s] writing entry points to ../../build/f1tenth_gym_ros/f1tenth_gym_ros.egg-info/entry_points.txt
[0.743s] writing requirements to ../../build/f1tenth_gym_ros/f1tenth_gym_ros.egg-info/requires.txt
[0.743s] writing top-level names to ../../build/f1tenth_gym_ros/f1tenth_gym_ros.egg-info/top_level.txt
[0.744s] writing manifest file '../../build/f1tenth_gym_ros/f1tenth_gym_ros.egg-info/SOURCES.txt'
[0.744s] reading manifest file '../../build/f1tenth_gym_ros/f1tenth_gym_ros.egg-info/SOURCES.txt'
[0.744s] adding license file 'LICENSE'
[0.745s] writing manifest file '../../build/f1tenth_gym_ros/f1tenth_gym_ros.egg-info/SOURCES.txt'
[0.745s] running build
[0.745s] running build_py
[0.745s] creating /home/ugrp/f1tenth_ws/build/f1tenth_gym_ros/build
[0.745s] creating /home/ugrp/f1tenth_ws/build/f1tenth_gym_ros/build/lib
[0.745s] creating /home/ugrp/f1tenth_ws/build/f1tenth_gym_ros/build/lib/f1tenth_gym_ros
[0.745s] copying f1tenth_gym_ros/gym_bridge.py -> /home/ugrp/f1tenth_ws/build/f1tenth_gym_ros/build/lib/f1tenth_gym_ros
[0.745s] copying f1tenth_gym_ros/__init__.py -> /home/ugrp/f1tenth_ws/build/f1tenth_gym_ros/build/lib/f1tenth_gym_ros
[0.745s] running install
[0.746s] running install_lib
[0.746s] creating /home/ugrp/f1tenth_ws/install/f1tenth_gym_ros/lib/python3.10/site-packages/f1tenth_gym_ros
[0.746s] copying /home/ugrp/f1tenth_ws/build/f1tenth_gym_ros/build/lib/f1tenth_gym_ros/gym_bridge.py -> /home/ugrp/f1tenth_ws/install/f1tenth_gym_ros/lib/python3.10/site-packages/f1tenth_gym_ros
[0.746s] copying /home/ugrp/f1tenth_ws/build/f1tenth_gym_ros/build/lib/f1tenth_gym_ros/__init__.py -> /home/ugrp/f1tenth_ws/install/f1tenth_gym_ros/lib/python3.10/site-packages/f1tenth_gym_ros
[0.746s] byte-compiling /home/ugrp/f1tenth_ws/install/f1tenth_gym_ros/lib/python3.10/site-packages/f1tenth_gym_ros/gym_bridge.py to gym_bridge.cpython-310.pyc
[0.748s] byte-compiling /home/ugrp/f1tenth_ws/install/f1tenth_gym_ros/lib/python3.10/site-packages/f1tenth_gym_ros/__init__.py to __init__.cpython-310.pyc
[0.748s] running install_data
[0.748s] creating /home/ugrp/f1tenth_ws/install/f1tenth_gym_ros/share/ament_index
[0.748s] creating /home/ugrp/f1tenth_ws/install/f1tenth_gym_ros/share/ament_index/resource_index
[0.749s] creating /home/ugrp/f1tenth_ws/install/f1tenth_gym_ros/share/ament_index/resource_index/packages
[0.749s] copying resource/f1tenth_gym_ros -> /home/ugrp/f1tenth_ws/install/f1tenth_gym_ros/share/ament_index/resource_index/packages
[0.749s] copying package.xml -> /home/ugrp/f1tenth_ws/install/f1tenth_gym_ros/share/f1tenth_gym_ros
[0.749s] creating /home/ugrp/f1tenth_ws/install/f1tenth_gym_ros/share/f1tenth_gym_ros/launch
[0.749s] copying launch/gym_bridge_launch.py -> /home/ugrp/f1tenth_ws/install/f1tenth_gym_ros/share/f1tenth_gym_ros/launch
[0.749s] copying launch/ego_racecar.xacro -> /home/ugrp/f1tenth_ws/install/f1tenth_gym_ros/share/f1tenth_gym_ros/launch
[0.749s] copying launch/opp_racecar.xacro -> /home/ugrp/f1tenth_ws/install/f1tenth_gym_ros/share/f1tenth_gym_ros/launch
[0.749s] copying launch/gym_bridge.rviz -> /home/ugrp/f1tenth_ws/install/f1tenth_gym_ros/share/f1tenth_gym_ros/launch
[0.749s] creating /home/ugrp/f1tenth_ws/install/f1tenth_gym_ros/share/f1tenth_gym_ros/config
[0.749s] copying config/sim.yaml -> /home/ugrp/f1tenth_ws/install/f1tenth_gym_ros/share/f1tenth_gym_ros/config
[0.750s] running install_egg_info
[0.751s] Copying ../../build/f1tenth_gym_ros/f1tenth_gym_ros.egg-info to /home/ugrp/f1tenth_ws/install/f1tenth_gym_ros/lib/python3.10/site-packages/f1tenth_gym_ros-0.0.0-py3.10.egg-info
[0.751s] running install_scripts
[0.763s] Installing gym_bridge script to /home/ugrp/f1tenth_ws/install/f1tenth_gym_ros/lib/f1tenth_gym_ros
[0.763s] writing list of installed files to '/home/ugrp/f1tenth_ws/build/f1tenth_gym_ros/install.log'
[0.786s] Invoked command in '/home/ugrp/f1tenth_ws/src/f1tenth_gym_ros' returned '0': PYTHONPATH=/home/ugrp/f1tenth_ws/build/f1tenth_gym_ros/prefix_override:/usr/lib/python3/dist-packages/colcon_core/task/python/colcon_distutils_commands:/home/ugrp/f1tenth_ws/install/f1tenth_gym_ros/lib/python3.10/site-packages:${PYTHONPATH} /usr/bin/python3 -W ignore:setup.py install is deprecated -W ignore:easy_install command is deprecated setup.py egg_info --egg-base ../../build/f1tenth_gym_ros build --build-base /home/ugrp/f1tenth_ws/build/f1tenth_gym_ros/build install --record /home/ugrp/f1tenth_ws/build/f1tenth_gym_ros/install.log --install-scripts $base/lib/f1tenth_gym_ros --single-version-externally-managed install_data
