[0.169s] Invoking command in '/home/ugrp/f1tenth_ws/build/gap_follow': CMAKE_PREFIX_PATH=/opt/ros/humble /usr/bin/cmake /home/ugrp/f1tenth_ws/src/f1tenth-software-stack/gap_follow -DCMAKE_INSTALL_PREFIX=/home/ugrp/f1tenth_ws/install/gap_follow
[0.344s] -- The C compiler identification is GNU 11.4.0
[0.344s] -- The CXX compiler identification is GNU 11.4.0
[0.344s] -- Detecting C compiler ABI info
[0.344s] -- Detecting C compiler ABI info - done
[0.344s] -- Check for working C compiler: /usr/bin/cc - skipped
[0.344s] -- Detecting C compile features
[0.344s] -- Detecting C compile features - done
[0.344s] -- Detecting CXX compiler ABI info
[0.363s] -- Detecting CXX compiler ABI info - done
[0.368s] -- Check for working CXX compiler: /usr/bin/c++ - skipped
[0.368s] -- Detecting CXX compile features
[0.369s] -- Detecting CXX compile features - done
[0.370s] -- Found ament_cmake: 1.3.12 (/opt/ros/humble/share/ament_cmake/cmake)
[0.463s] -- Found Python3: /usr/bin/python3 (found version "3.10.12") found components: Interpreter 
[0.516s] -- Found rclcpp: 16.0.14 (/opt/ros/humble/share/rclcpp/cmake)
[0.543s] -- Found rosidl_generator_c: 3.1.7 (/opt/ros/humble/share/rosidl_generator_c/cmake)
[0.547s] -- Found rosidl_adapter: 3.1.7 (/opt/ros/humble/share/rosidl_adapter/cmake)
[0.554s] -- Found rosidl_generator_cpp: 3.1.7 (/opt/ros/humble/share/rosidl_generator_cpp/cmake)
[0.564s] -- Using all available rosidl_typesupport_c: rosidl_typesupport_fastrtps_c;rosidl_typesupport_introspection_c
[0.575s] -- Using all available rosidl_typesupport_cpp: rosidl_typesupport_fastrtps_cpp;rosidl_typesupport_introspection_cpp
[0.602s] -- Found rmw_implementation_cmake: 6.1.2 (/opt/ros/humble/share/rmw_implementation_cmake/cmake)
[0.604s] -- Found rmw_fastrtps_cpp: 6.2.8 (/opt/ros/humble/share/rmw_fastrtps_cpp/cmake)
[0.665s] -- Found OpenSSL: /usr/lib/x86_64-linux-gnu/libcrypto.so (found version "3.0.2")  
[0.683s] -- Found FastRTPS: /opt/ros/humble/include  
[0.710s] -- Using RMW implementation 'rmw_fastrtps_cpp' as default
[0.715s] -- Looking for pthread.h
[0.761s] -- Looking for pthread.h - found
[0.761s] -- Performing Test CMAKE_HAVE_LIBC_PTHREAD
[0.813s] -- Performing Test CMAKE_HAVE_LIBC_PTHREAD - Success
[0.814s] -- Found Threads: TRUE  
[0.851s] -- Found rclpy: 3.3.17 (/opt/ros/humble/share/rclpy/cmake)
[0.851s] -- Found geometry_msgs: 4.9.0 (/opt/ros/humble/share/geometry_msgs/cmake)
[0.862s] -- Found nav_msgs: 4.9.0 (/opt/ros/humble/share/nav_msgs/cmake)
[0.872s] -- Found ackermann_msgs: 2.0.2 (/opt/ros/humble/share/ackermann_msgs/cmake)
[0.879s] -- Found sensor_msgs: 4.9.0 (/opt/ros/humble/share/sensor_msgs/cmake)
[0.934s] -- Found ament_lint_auto: 0.12.14 (/opt/ros/humble/share/ament_lint_auto/cmake)
[0.980s] -- Added test 'copyright' to check source files copyright and LICENSE
[0.981s] -- Added test 'cppcheck' to perform static code analysis on C / C++ code
[0.981s] -- Configured cppcheck include dirs: 
[0.981s] -- Configured cppcheck exclude dirs and/or files: 
[0.981s] -- Added test 'cpplint' to check C / C++ code against the Google style
[0.982s] -- Configured cpplint exclude dirs and/or files: 
[0.982s] -- Added test 'flake8' to check Python code syntax and style conventions
[0.982s] -- Added test 'lint_cmake' to check CMake code style
[0.982s] -- Added test 'pep257' to check Python code against some of the docstring style conventions in PEP 257
[0.983s] -- Added test 'uncrustify' to check C / C++ code style
[0.983s] -- Configured uncrustify additional arguments: 
[0.983s] -- Added test 'xmllint' to check XML markup files
[0.984s] -- Configuring done
[0.988s] -- Generating done
[0.990s] -- Build files have been written to: /home/ugrp/f1tenth_ws/build/gap_follow
[0.998s] Invoked command in '/home/ugrp/f1tenth_ws/build/gap_follow' returned '0': CMAKE_PREFIX_PATH=/opt/ros/humble /usr/bin/cmake /home/ugrp/f1tenth_ws/src/f1tenth-software-stack/gap_follow -DCMAKE_INSTALL_PREFIX=/home/ugrp/f1tenth_ws/install/gap_follow
[0.999s] Invoking command in '/home/ugrp/f1tenth_ws/build/gap_follow': CMAKE_PREFIX_PATH=/opt/ros/humble /usr/bin/cmake --build /home/ugrp/f1tenth_ws/build/gap_follow -- -j16 -l16
[1.040s] Built target ament_cmake_python_copy_gap_follow_setup
[1.040s] Built target ament_cmake_python_copy_gap_follow
[1.177s] /home/ugrp/.local/lib/python3.10/site-packages/setuptools/dist.py:717: UserWarning: Usage of dash-separated 'script-dir' will not be supported in future versions. Please use the underscore name 'script_dir' instead
[1.178s]   warnings.warn(
[1.178s] /home/ugrp/.local/lib/python3.10/site-packages/setuptools/dist.py:717: UserWarning: Usage of dash-separated 'install-scripts' will not be supported in future versions. Please use the underscore name 'install_scripts' instead
[1.178s]   warnings.warn(
[1.190s] running egg_info
[1.190s] creating gap_follow.egg-info
[1.190s] writing gap_follow.egg-info/PKG-INFO
[1.190s] writing dependency_links to gap_follow.egg-info/dependency_links.txt
[1.190s] writing top-level names to gap_follow.egg-info/top_level.txt
[1.190s] writing manifest file 'gap_follow.egg-info/SOURCES.txt'
[1.192s] reading manifest file 'gap_follow.egg-info/SOURCES.txt'
[1.192s] writing manifest file 'gap_follow.egg-info/SOURCES.txt'
[1.208s] Built target ament_cmake_python_build_gap_follow_egg
[1.216s] Invoked command in '/home/ugrp/f1tenth_ws/build/gap_follow' returned '0': CMAKE_PREFIX_PATH=/opt/ros/humble /usr/bin/cmake --build /home/ugrp/f1tenth_ws/build/gap_follow -- -j16 -l16
[1.218s] Invoking command in '/home/ugrp/f1tenth_ws/build/gap_follow': CMAKE_PREFIX_PATH=/opt/ros/humble /usr/bin/cmake --install /home/ugrp/f1tenth_ws/build/gap_follow
[1.224s] -- Install configuration: ""
[1.224s] -- Installing: /home/ugrp/f1tenth_ws/install/gap_follow/share/gap_follow/environment/pythonpath.sh
[1.224s] -- Installing: /home/ugrp/f1tenth_ws/install/gap_follow/share/gap_follow/environment/pythonpath.dsv
[1.224s] -- Installing: /home/ugrp/f1tenth_ws/install/gap_follow/local/lib/python3.10/dist-packages/gap_follow-0.0.0-py3.10.egg-info
[1.224s] -- Installing: /home/ugrp/f1tenth_ws/install/gap_follow/local/lib/python3.10/dist-packages/gap_follow-0.0.0-py3.10.egg-info/top_level.txt
[1.225s] -- Installing: /home/ugrp/f1tenth_ws/install/gap_follow/local/lib/python3.10/dist-packages/gap_follow-0.0.0-py3.10.egg-info/SOURCES.txt
[1.225s] -- Installing: /home/ugrp/f1tenth_ws/install/gap_follow/local/lib/python3.10/dist-packages/gap_follow-0.0.0-py3.10.egg-info/dependency_links.txt
[1.225s] -- Installing: /home/ugrp/f1tenth_ws/install/gap_follow/local/lib/python3.10/dist-packages/gap_follow-0.0.0-py3.10.egg-info/PKG-INFO
[1.225s] -- Installing: /home/ugrp/f1tenth_ws/install/gap_follow/local/lib/python3.10/dist-packages/gap_follow
[1.226s] -- Installing: /home/ugrp/f1tenth_ws/install/gap_follow/local/lib/python3.10/dist-packages/gap_follow/__init__.py
[1.242s] Listing '/home/ugrp/f1tenth_ws/install/gap_follow/local/lib/python3.10/dist-packages/gap_follow'...
[1.242s] Compiling '/home/ugrp/f1tenth_ws/install/gap_follow/local/lib/python3.10/dist-packages/gap_follow/__init__.py'...
[1.245s] -- Installing: /home/ugrp/f1tenth_ws/install/gap_follow/lib/gap_follow/reactive_node.py
[1.245s] -- Installing: /home/ugrp/f1tenth_ws/install/gap_follow/lib/gap_follow/final_race_reactive_node.py
[1.245s] -- Installing: /home/ugrp/f1tenth_ws/install/gap_follow/share/ament_index/resource_index/package_run_dependencies/gap_follow
[1.245s] -- Installing: /home/ugrp/f1tenth_ws/install/gap_follow/share/ament_index/resource_index/parent_prefix_path/gap_follow
[1.245s] -- Installing: /home/ugrp/f1tenth_ws/install/gap_follow/share/gap_follow/environment/ament_prefix_path.sh
[1.245s] -- Installing: /home/ugrp/f1tenth_ws/install/gap_follow/share/gap_follow/environment/ament_prefix_path.dsv
[1.245s] -- Installing: /home/ugrp/f1tenth_ws/install/gap_follow/share/gap_follow/environment/path.sh
[1.245s] -- Installing: /home/ugrp/f1tenth_ws/install/gap_follow/share/gap_follow/environment/path.dsv
[1.246s] -- Installing: /home/ugrp/f1tenth_ws/install/gap_follow/share/gap_follow/local_setup.bash
[1.246s] -- Installing: /home/ugrp/f1tenth_ws/install/gap_follow/share/gap_follow/local_setup.sh
[1.246s] -- Installing: /home/ugrp/f1tenth_ws/install/gap_follow/share/gap_follow/local_setup.zsh
[1.246s] -- Installing: /home/ugrp/f1tenth_ws/install/gap_follow/share/gap_follow/local_setup.dsv
[1.246s] -- Installing: /home/ugrp/f1tenth_ws/install/gap_follow/share/gap_follow/package.dsv
[1.246s] -- Installing: /home/ugrp/f1tenth_ws/install/gap_follow/share/ament_index/resource_index/packages/gap_follow
[1.246s] -- Installing: /home/ugrp/f1tenth_ws/install/gap_follow/share/gap_follow/cmake/gap_followConfig.cmake
[1.246s] -- Installing: /home/ugrp/f1tenth_ws/install/gap_follow/share/gap_follow/cmake/gap_followConfig-version.cmake
[1.246s] -- Installing: /home/ugrp/f1tenth_ws/install/gap_follow/share/gap_follow/package.xml
[1.248s] Invoked command in '/home/ugrp/f1tenth_ws/build/gap_follow' returned '0': CMAKE_PREFIX_PATH=/opt/ros/humble /usr/bin/cmake --install /home/ugrp/f1tenth_ws/build/gap_follow
