[0.335s] Invoking command in '/home/ugrp/f1tenth_ws/build/wall_follow': CMAKE_PREFIX_PATH=/opt/ros/humble /usr/bin/cmake /home/ugrp/f1tenth_ws/src/f1tenth-software-stack/wall_follow -DCMAKE_INSTALL_PREFIX=/home/ugrp/f1tenth_ws/install/wall_follow
[0.374s] -- The C compiler identification is GNU 11.4.0
[0.409s] -- The CXX compiler identification is GNU 11.4.0
[0.415s] -- Detecting C compiler ABI info
[0.464s] -- Detecting C compiler ABI info - done
[0.470s] -- Check for working C compiler: /usr/bin/cc - skipped
[0.470s] -- Detecting C compile features
[0.470s] -- Detecting C compile features - done
[0.472s] -- Detecting CXX compiler ABI info
[0.528s] -- Detecting CXX compiler ABI info - done
[0.532s] -- Check for working CXX compiler: /usr/bin/c++ - skipped
[0.532s] -- Detecting CXX compile features
[0.532s] -- Detecting CXX compile features - done
[0.534s] -- Found ament_cmake: 1.3.12 (/opt/ros/humble/share/ament_cmake/cmake)
[0.623s] -- Found Python3: /usr/bin/python3 (found version "3.10.12") found components: Interpreter 
[0.680s] -- Found rclcpp: 16.0.14 (/opt/ros/humble/share/rclcpp/cmake)
[0.709s] -- Found rosidl_generator_c: 3.1.7 (/opt/ros/humble/share/rosidl_generator_c/cmake)
[0.713s] -- Found rosidl_adapter: 3.1.7 (/opt/ros/humble/share/rosidl_adapter/cmake)
[0.718s] -- Found rosidl_generator_cpp: 3.1.7 (/opt/ros/humble/share/rosidl_generator_cpp/cmake)
[0.726s] -- Using all available rosidl_typesupport_c: rosidl_typesupport_fastrtps_c;rosidl_typesupport_introspection_c
[0.737s] -- Using all available rosidl_typesupport_cpp: rosidl_typesupport_fastrtps_cpp;rosidl_typesupport_introspection_cpp
[0.761s] -- Found rmw_implementation_cmake: 6.1.2 (/opt/ros/humble/share/rmw_implementation_cmake/cmake)
[0.762s] -- Found rmw_fastrtps_cpp: 6.2.8 (/opt/ros/humble/share/rmw_fastrtps_cpp/cmake)
[0.816s] -- Found OpenSSL: /usr/lib/x86_64-linux-gnu/libcrypto.so (found version "3.0.2")  
[0.835s] -- Found FastRTPS: /opt/ros/humble/include  
[0.862s] -- Using RMW implementation 'rmw_fastrtps_cpp' as default
[0.866s] -- Looking for pthread.h
[0.914s] -- Looking for pthread.h - found
[0.914s] -- Performing Test CMAKE_HAVE_LIBC_PTHREAD
[0.963s] -- Performing Test CMAKE_HAVE_LIBC_PTHREAD - Success
[0.964s] -- Found Threads: TRUE  
[0.992s] -- Found rclpy: 3.3.17 (/opt/ros/humble/share/rclpy/cmake)
[0.993s] -- Found geometry_msgs: 4.9.0 (/opt/ros/humble/share/geometry_msgs/cmake)
[1.001s] -- Found nav_msgs: 4.9.0 (/opt/ros/humble/share/nav_msgs/cmake)
[1.010s] -- Found ackermann_msgs: 2.0.2 (/opt/ros/humble/share/ackermann_msgs/cmake)
[1.018s] -- Found sensor_msgs: 4.9.0 (/opt/ros/humble/share/sensor_msgs/cmake)
[1.083s] -- Found ament_lint_auto: 0.12.14 (/opt/ros/humble/share/ament_lint_auto/cmake)
[1.138s] -- Added test 'copyright' to check source files copyright and LICENSE
[1.138s] -- Added test 'cppcheck' to perform static code analysis on C / C++ code
[1.138s] -- Configured cppcheck include dirs: /home/ugrp/f1tenth_ws/src/f1tenth-software-stack/wall_follow/include
[1.138s] -- Configured cppcheck exclude dirs and/or files: 
[1.139s] -- Added test 'cpplint' to check C / C++ code against the Google style
[1.139s] -- Configured cpplint exclude dirs and/or files: 
[1.139s] -- Added test 'flake8' to check Python code syntax and style conventions
[1.139s] -- Added test 'lint_cmake' to check CMake code style
[1.140s] -- Added test 'pep257' to check Python code against some of the docstring style conventions in PEP 257
[1.140s] -- Added test 'uncrustify' to check C / C++ code style
[1.140s] -- Configured uncrustify additional arguments: 
[1.140s] -- Added test 'xmllint' to check XML markup files
[1.141s] -- Configuring done
[1.148s] -- Generating done
[1.148s] -- Build files have been written to: /home/ugrp/f1tenth_ws/build/wall_follow
[1.156s] Invoked command in '/home/ugrp/f1tenth_ws/build/wall_follow' returned '0': CMAKE_PREFIX_PATH=/opt/ros/humble /usr/bin/cmake /home/ugrp/f1tenth_ws/src/f1tenth-software-stack/wall_follow -DCMAKE_INSTALL_PREFIX=/home/ugrp/f1tenth_ws/install/wall_follow
[1.158s] Invoking command in '/home/ugrp/f1tenth_ws/build/wall_follow': CMAKE_PREFIX_PATH=/opt/ros/humble /usr/bin/cmake --build /home/ugrp/f1tenth_ws/build/wall_follow -- -j16 -l16
[1.210s] Built target ament_cmake_python_copy_wall_follow_setup
[1.210s] Built target ament_cmake_python_copy_wall_follow
[1.338s] /home/ugrp/.local/lib/python3.10/site-packages/setuptools/dist.py:717: UserWarning: Usage of dash-separated 'script-dir' will not be supported in future versions. Please use the underscore name 'script_dir' instead
[1.338s]   warnings.warn(
[1.338s] /home/ugrp/.local/lib/python3.10/site-packages/setuptools/dist.py:717: UserWarning: Usage of dash-separated 'install-scripts' will not be supported in future versions. Please use the underscore name 'install_scripts' instead
[1.338s]   warnings.warn(
[1.349s] running egg_info
[1.349s] creating wall_follow.egg-info
[1.349s] writing wall_follow.egg-info/PKG-INFO
[1.349s] writing dependency_links to wall_follow.egg-info/dependency_links.txt
[1.349s] writing top-level names to wall_follow.egg-info/top_level.txt
[1.350s] writing manifest file 'wall_follow.egg-info/SOURCES.txt'
[1.350s] reading manifest file 'wall_follow.egg-info/SOURCES.txt'
[1.351s] writing manifest file 'wall_follow.egg-info/SOURCES.txt'
[1.366s] Built target ament_cmake_python_build_wall_follow_egg
[1.374s] Invoked command in '/home/ugrp/f1tenth_ws/build/wall_follow' returned '0': CMAKE_PREFIX_PATH=/opt/ros/humble /usr/bin/cmake --build /home/ugrp/f1tenth_ws/build/wall_follow -- -j16 -l16
[1.375s] Invoking command in '/home/ugrp/f1tenth_ws/build/wall_follow': CMAKE_PREFIX_PATH=/opt/ros/humble /usr/bin/cmake --install /home/ugrp/f1tenth_ws/build/wall_follow
[1.380s] -- Install configuration: ""
[1.380s] -- Installing: /home/ugrp/f1tenth_ws/install/wall_follow/share/wall_follow/environment/pythonpath.sh
[1.380s] -- Installing: /home/ugrp/f1tenth_ws/install/wall_follow/share/wall_follow/environment/pythonpath.dsv
[1.380s] -- Installing: /home/ugrp/f1tenth_ws/install/wall_follow/local/lib/python3.10/dist-packages/wall_follow-0.0.0-py3.10.egg-info
[1.380s] -- Installing: /home/ugrp/f1tenth_ws/install/wall_follow/local/lib/python3.10/dist-packages/wall_follow-0.0.0-py3.10.egg-info/top_level.txt
[1.380s] -- Installing: /home/ugrp/f1tenth_ws/install/wall_follow/local/lib/python3.10/dist-packages/wall_follow-0.0.0-py3.10.egg-info/SOURCES.txt
[1.380s] -- Installing: /home/ugrp/f1tenth_ws/install/wall_follow/local/lib/python3.10/dist-packages/wall_follow-0.0.0-py3.10.egg-info/dependency_links.txt
[1.380s] -- Installing: /home/ugrp/f1tenth_ws/install/wall_follow/local/lib/python3.10/dist-packages/wall_follow-0.0.0-py3.10.egg-info/PKG-INFO
[1.381s] -- Installing: /home/ugrp/f1tenth_ws/install/wall_follow/local/lib/python3.10/dist-packages/wall_follow
[1.381s] -- Installing: /home/ugrp/f1tenth_ws/install/wall_follow/local/lib/python3.10/dist-packages/wall_follow/__init__.py
[1.398s] Listing '/home/ugrp/f1tenth_ws/install/wall_follow/local/lib/python3.10/dist-packages/wall_follow'...
[1.398s] Compiling '/home/ugrp/f1tenth_ws/install/wall_follow/local/lib/python3.10/dist-packages/wall_follow/__init__.py'...
[1.400s] -- Installing: /home/ugrp/f1tenth_ws/install/wall_follow/lib/wall_follow/wall_follow_node.py
[1.400s] -- Installing: /home/ugrp/f1tenth_ws/install/wall_follow/share/ament_index/resource_index/package_run_dependencies/wall_follow
[1.400s] -- Installing: /home/ugrp/f1tenth_ws/install/wall_follow/share/ament_index/resource_index/parent_prefix_path/wall_follow
[1.400s] -- Installing: /home/ugrp/f1tenth_ws/install/wall_follow/share/wall_follow/environment/ament_prefix_path.sh
[1.400s] -- Installing: /home/ugrp/f1tenth_ws/install/wall_follow/share/wall_follow/environment/ament_prefix_path.dsv
[1.400s] -- Installing: /home/ugrp/f1tenth_ws/install/wall_follow/share/wall_follow/environment/path.sh
[1.401s] -- Installing: /home/ugrp/f1tenth_ws/install/wall_follow/share/wall_follow/environment/path.dsv
[1.401s] -- Installing: /home/ugrp/f1tenth_ws/install/wall_follow/share/wall_follow/local_setup.bash
[1.401s] -- Installing: /home/ugrp/f1tenth_ws/install/wall_follow/share/wall_follow/local_setup.sh
[1.401s] -- Installing: /home/ugrp/f1tenth_ws/install/wall_follow/share/wall_follow/local_setup.zsh
[1.401s] -- Installing: /home/ugrp/f1tenth_ws/install/wall_follow/share/wall_follow/local_setup.dsv
[1.401s] -- Installing: /home/ugrp/f1tenth_ws/install/wall_follow/share/wall_follow/package.dsv
[1.401s] -- Installing: /home/ugrp/f1tenth_ws/install/wall_follow/share/ament_index/resource_index/packages/wall_follow
[1.401s] -- Installing: /home/ugrp/f1tenth_ws/install/wall_follow/share/wall_follow/cmake/wall_followConfig.cmake
[1.401s] -- Installing: /home/ugrp/f1tenth_ws/install/wall_follow/share/wall_follow/cmake/wall_followConfig-version.cmake
[1.401s] -- Installing: /home/ugrp/f1tenth_ws/install/wall_follow/share/wall_follow/package.xml
[1.403s] Invoked command in '/home/ugrp/f1tenth_ws/build/wall_follow' returned '0': CMAKE_PREFIX_PATH=/opt/ros/humble /usr/bin/cmake --install /home/ugrp/f1tenth_ws/build/wall_follow
