[0.167s] Invoking command in '/home/ugrp/f1tenth_ws/build/lqr': CMAKE_PREFIX_PATH=/opt/ros/humble /usr/bin/cmake /home/ugrp/f1tenth_ws/src/f1tenth-software-stack/lqr -DCMAKE_INSTALL_PREFIX=/home/ugrp/f1tenth_ws/install/lqr
[0.341s] -- The C compiler identification is GNU 11.4.0
[0.341s] -- The CXX compiler identification is GNU 11.4.0
[0.341s] -- Detecting C compiler ABI info
[0.341s] -- Detecting C compiler ABI info - done
[0.341s] -- Check for working C compiler: /usr/bin/cc - skipped
[0.341s] -- Detecting C compile features
[0.341s] -- Detecting C compile features - done
[0.341s] -- Detecting CXX compiler ABI info
[0.353s] -- Detecting CXX compiler ABI info - done
[0.357s] -- Check for working CXX compiler: /usr/bin/c++ - skipped
[0.358s] -- Detecting CXX compile features
[0.358s] -- Detecting CXX compile features - done
[0.360s] -- Found ament_cmake: 1.3.12 (/opt/ros/humble/share/ament_cmake/cmake)
[0.448s] -- Found Python3: /usr/bin/python3 (found version "3.10.12") found components: Interpreter 
[0.503s] -- Found rclcpp: 16.0.14 (/opt/ros/humble/share/rclcpp/cmake)
[0.539s] -- Found rosidl_generator_c: 3.1.7 (/opt/ros/humble/share/rosidl_generator_c/cmake)
[0.543s] -- Found rosidl_adapter: 3.1.7 (/opt/ros/humble/share/rosidl_adapter/cmake)
[0.549s] -- Found rosidl_generator_cpp: 3.1.7 (/opt/ros/humble/share/rosidl_generator_cpp/cmake)
[0.559s] -- Using all available rosidl_typesupport_c: rosidl_typesupport_fastrtps_c;rosidl_typesupport_introspection_c
[0.571s] -- Using all available rosidl_typesupport_cpp: rosidl_typesupport_fastrtps_cpp;rosidl_typesupport_introspection_cpp
[0.601s] -- Found rmw_implementation_cmake: 6.1.2 (/opt/ros/humble/share/rmw_implementation_cmake/cmake)
[0.602s] -- Found rmw_fastrtps_cpp: 6.2.8 (/opt/ros/humble/share/rmw_fastrtps_cpp/cmake)
[0.657s] -- Found OpenSSL: /usr/lib/x86_64-linux-gnu/libcrypto.so (found version "3.0.2")  
[0.677s] -- Found FastRTPS: /opt/ros/humble/include  
[0.711s] -- Using RMW implementation 'rmw_fastrtps_cpp' as default
[0.718s] -- Looking for pthread.h
[0.764s] -- Looking for pthread.h - found
[0.765s] -- Performing Test CMAKE_HAVE_LIBC_PTHREAD
[0.813s] -- Performing Test CMAKE_HAVE_LIBC_PTHREAD - Success
[0.814s] -- Found Threads: TRUE  
[0.844s] -- Found rclpy: 3.3.17 (/opt/ros/humble/share/rclpy/cmake)
[0.844s] -- Found geometry_msgs: 4.9.0 (/opt/ros/humble/share/geometry_msgs/cmake)
[0.852s] -- Found nav_msgs: 4.9.0 (/opt/ros/humble/share/nav_msgs/cmake)
[0.861s] -- Found ackermann_msgs: 2.0.2 (/opt/ros/humble/share/ackermann_msgs/cmake)
[0.869s] -- Found sensor_msgs: 4.9.0 (/opt/ros/humble/share/sensor_msgs/cmake)
[0.880s] -- Found visualization_msgs: 4.9.0 (/opt/ros/humble/share/visualization_msgs/cmake)
[0.898s] -- Found tf2_ros: 0.25.15 (/opt/ros/humble/share/tf2_ros/cmake)
[1.004s] -- Found ament_lint_auto: 0.12.14 (/opt/ros/humble/share/ament_lint_auto/cmake)
[1.053s] -- Added test 'copyright' to check source files copyright and LICENSE
[1.054s] -- Added test 'flake8' to check Python code syntax and style conventions
[1.054s] -- Added test 'lint_cmake' to check CMake code style
[1.054s] -- Added test 'pep257' to check Python code against some of the docstring style conventions in PEP 257
[1.055s] -- Added test 'xmllint' to check XML markup files
[1.055s] -- Configuring done
[1.061s] -- Generating done
[1.063s] -- Build files have been written to: /home/ugrp/f1tenth_ws/build/lqr
[1.073s] Invoked command in '/home/ugrp/f1tenth_ws/build/lqr' returned '0': CMAKE_PREFIX_PATH=/opt/ros/humble /usr/bin/cmake /home/ugrp/f1tenth_ws/src/f1tenth-software-stack/lqr -DCMAKE_INSTALL_PREFIX=/home/ugrp/f1tenth_ws/install/lqr
[1.074s] Invoking command in '/home/ugrp/f1tenth_ws/build/lqr': CMAKE_PREFIX_PATH=/opt/ros/humble /usr/bin/cmake --build /home/ugrp/f1tenth_ws/build/lqr -- -j16 -l16
[1.113s] Built target ament_cmake_python_copy_lqr_setup
[1.114s] Built target ament_cmake_python_copy_lqr
[1.249s] /home/ugrp/.local/lib/python3.10/site-packages/setuptools/dist.py:717: UserWarning: Usage of dash-separated 'script-dir' will not be supported in future versions. Please use the underscore name 'script_dir' instead
[1.249s]   warnings.warn(
[1.249s] /home/ugrp/.local/lib/python3.10/site-packages/setuptools/dist.py:717: UserWarning: Usage of dash-separated 'install-scripts' will not be supported in future versions. Please use the underscore name 'install_scripts' instead
[1.249s]   warnings.warn(
[1.261s] running egg_info
[1.261s] creating lqr.egg-info
[1.261s] writing lqr.egg-info/PKG-INFO
[1.261s] writing dependency_links to lqr.egg-info/dependency_links.txt
[1.261s] writing top-level names to lqr.egg-info/top_level.txt
[1.261s] writing manifest file 'lqr.egg-info/SOURCES.txt'
[1.262s] reading manifest file 'lqr.egg-info/SOURCES.txt'
[1.262s] writing manifest file 'lqr.egg-info/SOURCES.txt'
[1.279s] Built target ament_cmake_python_build_lqr_egg
[1.289s] Invoked command in '/home/ugrp/f1tenth_ws/build/lqr' returned '0': CMAKE_PREFIX_PATH=/opt/ros/humble /usr/bin/cmake --build /home/ugrp/f1tenth_ws/build/lqr -- -j16 -l16
[1.290s] Invoking command in '/home/ugrp/f1tenth_ws/build/lqr': CMAKE_PREFIX_PATH=/opt/ros/humble /usr/bin/cmake --install /home/ugrp/f1tenth_ws/build/lqr
[1.294s] -- Install configuration: ""
[1.294s] -- Installing: /home/ugrp/f1tenth_ws/install/lqr/share/lqr/environment/pythonpath.sh
[1.294s] -- Installing: /home/ugrp/f1tenth_ws/install/lqr/share/lqr/environment/pythonpath.dsv
[1.295s] -- Installing: /home/ugrp/f1tenth_ws/install/lqr/local/lib/python3.10/dist-packages/lqr-0.0.0-py3.10.egg-info
[1.295s] -- Installing: /home/ugrp/f1tenth_ws/install/lqr/local/lib/python3.10/dist-packages/lqr-0.0.0-py3.10.egg-info/top_level.txt
[1.295s] -- Installing: /home/ugrp/f1tenth_ws/install/lqr/local/lib/python3.10/dist-packages/lqr-0.0.0-py3.10.egg-info/SOURCES.txt
[1.295s] -- Installing: /home/ugrp/f1tenth_ws/install/lqr/local/lib/python3.10/dist-packages/lqr-0.0.0-py3.10.egg-info/dependency_links.txt
[1.295s] -- Installing: /home/ugrp/f1tenth_ws/install/lqr/local/lib/python3.10/dist-packages/lqr-0.0.0-py3.10.egg-info/PKG-INFO
[1.295s] -- Installing: /home/ugrp/f1tenth_ws/install/lqr/local/lib/python3.10/dist-packages/lqr
[1.295s] -- Installing: /home/ugrp/f1tenth_ws/install/lqr/local/lib/python3.10/dist-packages/lqr/__init__.py
[1.313s] Listing '/home/ugrp/f1tenth_ws/install/lqr/local/lib/python3.10/dist-packages/lqr'...
[1.313s] Compiling '/home/ugrp/f1tenth_ws/install/lqr/local/lib/python3.10/dist-packages/lqr/__init__.py'...
[1.315s] -- Installing: /home/ugrp/f1tenth_ws/install/lqr/lib/lqr/lqr_node.py
[1.315s] -- Installing: /home/ugrp/f1tenth_ws/install/lqr/lib/lqr/utils.py
[1.316s] -- Installing: /home/ugrp/f1tenth_ws/install/lqr/share/ament_index/resource_index/package_run_dependencies/lqr
[1.316s] -- Installing: /home/ugrp/f1tenth_ws/install/lqr/share/ament_index/resource_index/parent_prefix_path/lqr
[1.316s] -- Installing: /home/ugrp/f1tenth_ws/install/lqr/share/lqr/environment/ament_prefix_path.sh
[1.316s] -- Installing: /home/ugrp/f1tenth_ws/install/lqr/share/lqr/environment/ament_prefix_path.dsv
[1.316s] -- Installing: /home/ugrp/f1tenth_ws/install/lqr/share/lqr/environment/path.sh
[1.316s] -- Installing: /home/ugrp/f1tenth_ws/install/lqr/share/lqr/environment/path.dsv
[1.316s] -- Installing: /home/ugrp/f1tenth_ws/install/lqr/share/lqr/local_setup.bash
[1.316s] -- Installing: /home/ugrp/f1tenth_ws/install/lqr/share/lqr/local_setup.sh
[1.316s] -- Installing: /home/ugrp/f1tenth_ws/install/lqr/share/lqr/local_setup.zsh
[1.316s] -- Installing: /home/ugrp/f1tenth_ws/install/lqr/share/lqr/local_setup.dsv
[1.317s] -- Installing: /home/ugrp/f1tenth_ws/install/lqr/share/lqr/package.dsv
[1.317s] -- Installing: /home/ugrp/f1tenth_ws/install/lqr/share/ament_index/resource_index/packages/lqr
[1.317s] -- Installing: /home/ugrp/f1tenth_ws/install/lqr/share/lqr/cmake/lqrConfig.cmake
[1.317s] -- Installing: /home/ugrp/f1tenth_ws/install/lqr/share/lqr/cmake/lqrConfig-version.cmake
[1.317s] -- Installing: /home/ugrp/f1tenth_ws/install/lqr/share/lqr/package.xml
[1.319s] Invoked command in '/home/ugrp/f1tenth_ws/build/lqr' returned '0': CMAKE_PREFIX_PATH=/opt/ros/humble /usr/bin/cmake --install /home/ugrp/f1tenth_ws/build/lqr
