-- The C compiler identification is GNU 11.4.0
-- The CXX compiler identification is GNU 11.4.0
-- Detecting C compiler ABI info
-- Detecting C compiler ABI info - done
-- Check for working C compiler: /usr/bin/cc - skipped
-- Detecting C compile features
-- Detecting C compile features - done
-- Detecting CXX compiler ABI info
-- Detecting CXX compiler ABI info - done
-- Check for working CXX compiler: /usr/bin/c++ - skipped
-- Detecting CXX compile features
-- Detecting CXX compile features - done
-- Found ament_cmake: 1.3.12 (/opt/ros/humble/share/ament_cmake/cmake)
-- Found Python3: /usr/bin/python3 (found version "3.10.12") found components: Interpreter 
-- Found rclcpp: 16.0.14 (/opt/ros/humble/share/rclcpp/cmake)
-- Found rosidl_generator_c: 3.1.7 (/opt/ros/humble/share/rosidl_generator_c/cmake)
-- Found rosidl_adapter: 3.1.7 (/opt/ros/humble/share/rosidl_adapter/cmake)
-- Found rosidl_generator_cpp: 3.1.7 (/opt/ros/humble/share/rosidl_generator_cpp/cmake)
-- Using all available rosidl_typesupport_c: rosidl_typesupport_fastrtps_c;rosidl_typesupport_introspection_c
-- Using all available rosidl_typesupport_cpp: rosidl_typesupport_fastrtps_cpp;rosidl_typesupport_introspection_cpp
-- Found rmw_implementation_cmake: 6.1.2 (/opt/ros/humble/share/rmw_implementation_cmake/cmake)
-- Found rmw_fastrtps_cpp: 6.2.8 (/opt/ros/humble/share/rmw_fastrtps_cpp/cmake)
-- Found OpenSSL: /usr/lib/x86_64-linux-gnu/libcrypto.so (found version "3.0.2")  
-- Found FastRTPS: /opt/ros/humble/include  
-- Using RMW implementation 'rmw_fastrtps_cpp' as default
-- Looking for pthread.h
-- Looking for pthread.h - found
-- Performing Test CMAKE_HAVE_LIBC_PTHREAD
-- Performing Test CMAKE_HAVE_LIBC_PTHREAD - Success
-- Found Threads: TRUE  
-- Found rclpy: 3.3.17 (/opt/ros/humble/share/rclpy/cmake)
-- Found ackermann_msgs: 2.0.2 (/opt/ros/humble/share/ackermann_msgs/cmake)
-- Configuring done
-- Generating done
-- Build files have been written to: /home/ugrp/f1tenth_ws/build/lab1_pkg
Built target ament_cmake_python_copy_lab1_pkg
running egg_info
creating lab1_pkg.egg-info
writing lab1_pkg.egg-info/PKG-INFO
writing dependency_links to lab1_pkg.egg-info/dependency_links.txt
writing top-level names to lab1_pkg.egg-info/top_level.txt
writing manifest file 'lab1_pkg.egg-info/SOURCES.txt'
reading manifest file 'lab1_pkg.egg-info/SOURCES.txt'
writing manifest file 'lab1_pkg.egg-info/SOURCES.txt'
Built target ament_cmake_python_build_lab1_pkg_egg
-- Install configuration: ""
-- Installing: /home/ugrp/f1tenth_ws/install/lab1_pkg/share/lab1_pkg/environment/pythonpath.sh
-- Installing: /home/ugrp/f1tenth_ws/install/lab1_pkg/share/lab1_pkg/environment/pythonpath.dsv
-- Installing: /home/ugrp/f1tenth_ws/install/lab1_pkg/local/lib/python3.10/dist-packages/lab1_pkg-0.0.0-py3.10.egg-info
-- Installing: /home/ugrp/f1tenth_ws/install/lab1_pkg/local/lib/python3.10/dist-packages/lab1_pkg-0.0.0-py3.10.egg-info/top_level.txt
-- Installing: /home/ugrp/f1tenth_ws/install/lab1_pkg/local/lib/python3.10/dist-packages/lab1_pkg-0.0.0-py3.10.egg-info/SOURCES.txt
-- Installing: /home/ugrp/f1tenth_ws/install/lab1_pkg/local/lib/python3.10/dist-packages/lab1_pkg-0.0.0-py3.10.egg-info/dependency_links.txt
-- Installing: /home/ugrp/f1tenth_ws/install/lab1_pkg/local/lib/python3.10/dist-packages/lab1_pkg-0.0.0-py3.10.egg-info/PKG-INFO
-- Installing: /home/ugrp/f1tenth_ws/install/lab1_pkg/local/lib/python3.10/dist-packages/lab1_pkg
-- Installing: /home/ugrp/f1tenth_ws/install/lab1_pkg/local/lib/python3.10/dist-packages/lab1_pkg/__init__.py
Listing '/home/ugrp/f1tenth_ws/install/lab1_pkg/local/lib/python3.10/dist-packages/lab1_pkg'...
Compiling '/home/ugrp/f1tenth_ws/install/lab1_pkg/local/lib/python3.10/dist-packages/lab1_pkg/__init__.py'...
-- Installing: /home/ugrp/f1tenth_ws/install/lab1_pkg/lib/lab1_pkg/talker.py
-- Installing: /home/ugrp/f1tenth_ws/install/lab1_pkg/lib/lab1_pkg/relay.py
-- Installing: /home/ugrp/f1tenth_ws/install/lab1_pkg/share/lab1_pkg/launch
-- Installing: /home/ugrp/f1tenth_ws/install/lab1_pkg/share/lab1_pkg/launch/lab1_launch.py
-- Installing: /home/ugrp/f1tenth_ws/install/lab1_pkg/share/ament_index/resource_index/package_run_dependencies/lab1_pkg
-- Installing: /home/ugrp/f1tenth_ws/install/lab1_pkg/share/ament_index/resource_index/parent_prefix_path/lab1_pkg
-- Installing: /home/ugrp/f1tenth_ws/install/lab1_pkg/share/lab1_pkg/environment/ament_prefix_path.sh
-- Installing: /home/ugrp/f1tenth_ws/install/lab1_pkg/share/lab1_pkg/environment/ament_prefix_path.dsv
-- Installing: /home/ugrp/f1tenth_ws/install/lab1_pkg/share/lab1_pkg/environment/path.sh
-- Installing: /home/ugrp/f1tenth_ws/install/lab1_pkg/share/lab1_pkg/environment/path.dsv
-- Installing: /home/ugrp/f1tenth_ws/install/lab1_pkg/share/lab1_pkg/local_setup.bash
-- Installing: /home/ugrp/f1tenth_ws/install/lab1_pkg/share/lab1_pkg/local_setup.sh
-- Installing: /home/ugrp/f1tenth_ws/install/lab1_pkg/share/lab1_pkg/local_setup.zsh
-- Installing: /home/ugrp/f1tenth_ws/install/lab1_pkg/share/lab1_pkg/local_setup.dsv
-- Installing: /home/ugrp/f1tenth_ws/install/lab1_pkg/share/lab1_pkg/package.dsv
-- Installing: /home/ugrp/f1tenth_ws/install/lab1_pkg/share/ament_index/resource_index/packages/lab1_pkg
-- Installing: /home/ugrp/f1tenth_ws/install/lab1_pkg/share/lab1_pkg/cmake/lab1_pkgConfig.cmake
-- Installing: /home/ugrp/f1tenth_ws/install/lab1_pkg/share/lab1_pkg/cmake/lab1_pkgConfig-version.cmake
-- Installing: /home/ugrp/f1tenth_ws/install/lab1_pkg/share/lab1_pkg/package.xml
