[0.169s] Invoking command in '/home/ugrp/f1tenth_ws/build/lab1_pkg': CMAKE_PREFIX_PATH=/opt/ros/humble /usr/bin/cmake /home/ugrp/f1tenth_ws/src/f1tenth-software-stack/lab1_pkg -DCMAKE_INSTALL_PREFIX=/home/ugrp/f1tenth_ws/install/lab1_pkg
[0.343s] -- The C compiler identification is GNU 11.4.0
[0.343s] -- The CXX compiler identification is GNU 11.4.0
[0.343s] -- Detecting C compiler ABI info
[0.343s] -- Detecting C compiler ABI info - done
[0.343s] -- Check for working C compiler: /usr/bin/cc - skipped
[0.343s] -- Detecting C compile features
[0.343s] -- Detecting C compile features - done
[0.343s] -- Detecting CXX compiler ABI info
[0.364s] -- Detecting CXX compiler ABI info - done
[0.368s] -- Check for working CXX compiler: /usr/bin/c++ - skipped
[0.368s] -- Detecting CXX compile features
[0.368s] -- Detecting CXX compile features - done
[0.369s] -- Found ament_cmake: 1.3.12 (/opt/ros/humble/share/ament_cmake/cmake)
[0.466s] -- Found Python3: /usr/bin/python3 (found version "3.10.12") found components: Interpreter 
[0.517s] -- Found rclcpp: 16.0.14 (/opt/ros/humble/share/rclcpp/cmake)
[0.542s] -- Found rosidl_generator_c: 3.1.7 (/opt/ros/humble/share/rosidl_generator_c/cmake)
[0.546s] -- Found rosidl_adapter: 3.1.7 (/opt/ros/humble/share/rosidl_adapter/cmake)
[0.552s] -- Found rosidl_generator_cpp: 3.1.7 (/opt/ros/humble/share/rosidl_generator_cpp/cmake)
[0.562s] -- Using all available rosidl_typesupport_c: rosidl_typesupport_fastrtps_c;rosidl_typesupport_introspection_c
[0.573s] -- Using all available rosidl_typesupport_cpp: rosidl_typesupport_fastrtps_cpp;rosidl_typesupport_introspection_cpp
[0.600s] -- Found rmw_implementation_cmake: 6.1.2 (/opt/ros/humble/share/rmw_implementation_cmake/cmake)
[0.601s] -- Found rmw_fastrtps_cpp: 6.2.8 (/opt/ros/humble/share/rmw_fastrtps_cpp/cmake)
[0.663s] -- Found OpenSSL: /usr/lib/x86_64-linux-gnu/libcrypto.so (found version "3.0.2")  
[0.682s] -- Found FastRTPS: /opt/ros/humble/include  
[0.709s] -- Using RMW implementation 'rmw_fastrtps_cpp' as default
[0.714s] -- Looking for pthread.h
[0.764s] -- Looking for pthread.h - found
[0.765s] -- Performing Test CMAKE_HAVE_LIBC_PTHREAD
[0.812s] -- Performing Test CMAKE_HAVE_LIBC_PTHREAD - Success
[0.813s] -- Found Threads: TRUE  
[0.849s] -- Found rclpy: 3.3.17 (/opt/ros/humble/share/rclpy/cmake)
[0.851s] -- Found ackermann_msgs: 2.0.2 (/opt/ros/humble/share/ackermann_msgs/cmake)
[0.946s] -- Configuring done
[0.949s] -- Generating done
[0.951s] -- Build files have been written to: /home/ugrp/f1tenth_ws/build/lab1_pkg
[0.958s] Invoked command in '/home/ugrp/f1tenth_ws/build/lab1_pkg' returned '0': CMAKE_PREFIX_PATH=/opt/ros/humble /usr/bin/cmake /home/ugrp/f1tenth_ws/src/f1tenth-software-stack/lab1_pkg -DCMAKE_INSTALL_PREFIX=/home/ugrp/f1tenth_ws/install/lab1_pkg
[0.959s] Invoking command in '/home/ugrp/f1tenth_ws/build/lab1_pkg': CMAKE_PREFIX_PATH=/opt/ros/humble /usr/bin/cmake --build /home/ugrp/f1tenth_ws/build/lab1_pkg -- -j16 -l16
[1.002s] Built target ament_cmake_python_copy_lab1_pkg
[1.157s] running egg_info
[1.160s] creating lab1_pkg.egg-info
[1.160s] writing lab1_pkg.egg-info/PKG-INFO
[1.160s] writing dependency_links to lab1_pkg.egg-info/dependency_links.txt
[1.160s] writing top-level names to lab1_pkg.egg-info/top_level.txt
[1.160s] writing manifest file 'lab1_pkg.egg-info/SOURCES.txt'
[1.160s] reading manifest file 'lab1_pkg.egg-info/SOURCES.txt'
[1.160s] writing manifest file 'lab1_pkg.egg-info/SOURCES.txt'
[1.178s] Built target ament_cmake_python_build_lab1_pkg_egg
[1.188s] Invoked command in '/home/ugrp/f1tenth_ws/build/lab1_pkg' returned '0': CMAKE_PREFIX_PATH=/opt/ros/humble /usr/bin/cmake --build /home/ugrp/f1tenth_ws/build/lab1_pkg -- -j16 -l16
[1.190s] Invoking command in '/home/ugrp/f1tenth_ws/build/lab1_pkg': CMAKE_PREFIX_PATH=/opt/ros/humble /usr/bin/cmake --install /home/ugrp/f1tenth_ws/build/lab1_pkg
[1.196s] -- Install configuration: ""
[1.196s] -- Installing: /home/ugrp/f1tenth_ws/install/lab1_pkg/share/lab1_pkg/environment/pythonpath.sh
[1.197s] -- Installing: /home/ugrp/f1tenth_ws/install/lab1_pkg/share/lab1_pkg/environment/pythonpath.dsv
[1.197s] -- Installing: /home/ugrp/f1tenth_ws/install/lab1_pkg/local/lib/python3.10/dist-packages/lab1_pkg-0.0.0-py3.10.egg-info
[1.197s] -- Installing: /home/ugrp/f1tenth_ws/install/lab1_pkg/local/lib/python3.10/dist-packages/lab1_pkg-0.0.0-py3.10.egg-info/top_level.txt
[1.197s] -- Installing: /home/ugrp/f1tenth_ws/install/lab1_pkg/local/lib/python3.10/dist-packages/lab1_pkg-0.0.0-py3.10.egg-info/SOURCES.txt
[1.197s] -- Installing: /home/ugrp/f1tenth_ws/install/lab1_pkg/local/lib/python3.10/dist-packages/lab1_pkg-0.0.0-py3.10.egg-info/dependency_links.txt
[1.197s] -- Installing: /home/ugrp/f1tenth_ws/install/lab1_pkg/local/lib/python3.10/dist-packages/lab1_pkg-0.0.0-py3.10.egg-info/PKG-INFO
[1.197s] -- Installing: /home/ugrp/f1tenth_ws/install/lab1_pkg/local/lib/python3.10/dist-packages/lab1_pkg
[1.197s] -- Installing: /home/ugrp/f1tenth_ws/install/lab1_pkg/local/lib/python3.10/dist-packages/lab1_pkg/__init__.py
[1.216s] Listing '/home/ugrp/f1tenth_ws/install/lab1_pkg/local/lib/python3.10/dist-packages/lab1_pkg'...
[1.216s] Compiling '/home/ugrp/f1tenth_ws/install/lab1_pkg/local/lib/python3.10/dist-packages/lab1_pkg/__init__.py'...
[1.219s] -- Installing: /home/ugrp/f1tenth_ws/install/lab1_pkg/lib/lab1_pkg/talker.py
[1.219s] -- Installing: /home/ugrp/f1tenth_ws/install/lab1_pkg/lib/lab1_pkg/relay.py
[1.219s] -- Installing: /home/ugrp/f1tenth_ws/install/lab1_pkg/share/lab1_pkg/launch
[1.219s] -- Installing: /home/ugrp/f1tenth_ws/install/lab1_pkg/share/lab1_pkg/launch/lab1_launch.py
[1.220s] -- Installing: /home/ugrp/f1tenth_ws/install/lab1_pkg/share/ament_index/resource_index/package_run_dependencies/lab1_pkg
[1.220s] -- Installing: /home/ugrp/f1tenth_ws/install/lab1_pkg/share/ament_index/resource_index/parent_prefix_path/lab1_pkg
[1.220s] -- Installing: /home/ugrp/f1tenth_ws/install/lab1_pkg/share/lab1_pkg/environment/ament_prefix_path.sh
[1.220s] -- Installing: /home/ugrp/f1tenth_ws/install/lab1_pkg/share/lab1_pkg/environment/ament_prefix_path.dsv
[1.220s] -- Installing: /home/ugrp/f1tenth_ws/install/lab1_pkg/share/lab1_pkg/environment/path.sh
[1.220s] -- Installing: /home/ugrp/f1tenth_ws/install/lab1_pkg/share/lab1_pkg/environment/path.dsv
[1.220s] -- Installing: /home/ugrp/f1tenth_ws/install/lab1_pkg/share/lab1_pkg/local_setup.bash
[1.220s] -- Installing: /home/ugrp/f1tenth_ws/install/lab1_pkg/share/lab1_pkg/local_setup.sh
[1.220s] -- Installing: /home/ugrp/f1tenth_ws/install/lab1_pkg/share/lab1_pkg/local_setup.zsh
[1.221s] -- Installing: /home/ugrp/f1tenth_ws/install/lab1_pkg/share/lab1_pkg/local_setup.dsv
[1.221s] -- Installing: /home/ugrp/f1tenth_ws/install/lab1_pkg/share/lab1_pkg/package.dsv
[1.221s] -- Installing: /home/ugrp/f1tenth_ws/install/lab1_pkg/share/ament_index/resource_index/packages/lab1_pkg
[1.221s] -- Installing: /home/ugrp/f1tenth_ws/install/lab1_pkg/share/lab1_pkg/cmake/lab1_pkgConfig.cmake
[1.221s] -- Installing: /home/ugrp/f1tenth_ws/install/lab1_pkg/share/lab1_pkg/cmake/lab1_pkgConfig-version.cmake
[1.221s] -- Installing: /home/ugrp/f1tenth_ws/install/lab1_pkg/share/lab1_pkg/package.xml
[1.224s] Invoked command in '/home/ugrp/f1tenth_ws/build/lab1_pkg' returned '0': CMAKE_PREFIX_PATH=/opt/ros/humble /usr/bin/cmake --install /home/ugrp/f1tenth_ws/build/lab1_pkg
