[0.025s] Invoking command in '/home/ugrp/f1tenth_ws/build/bringup': CMAKE_PREFIX_PATH=/opt/ros/humble /usr/bin/cmake /home/ugrp/f1tenth_ws/src/f1tenth-software-stack/bringup -DCMAKE_INSTALL_PREFIX=/home/ugrp/f1tenth_ws/install/bringup
[0.350s] -- The C compiler identification is GNU 11.4.0
[0.350s] -- The CXX compiler identification is GNU 11.4.0
[0.350s] -- Detecting C compiler ABI info
[0.350s] -- Detecting C compiler ABI info - done
[0.351s] -- Check for working C compiler: /usr/bin/cc - skipped
[0.351s] -- Detecting C compile features
[0.351s] -- Detecting C compile features - done
[0.351s] -- Detecting CXX compiler ABI info
[0.351s] -- Detecting CXX compiler ABI info - done
[0.351s] -- Check for working CXX compiler: /usr/bin/c++ - skipped
[0.351s] -- Detecting CXX compile features
[0.351s] -- Detecting CXX compile features - done
[0.351s] -- Found ament_cmake: 1.3.12 (/opt/ros/humble/share/ament_cmake/cmake)
[0.351s] -- Found Python3: /usr/bin/python3 (found version "3.10.12") found components: Interpreter 
[0.452s] -- Configuring done
[0.454s] -- Generating done
[0.456s] -- Build files have been written to: /home/ugrp/f1tenth_ws/build/bringup
[0.460s] Invoked command in '/home/ugrp/f1tenth_ws/build/bringup' returned '0': CMAKE_PREFIX_PATH=/opt/ros/humble /usr/bin/cmake /home/ugrp/f1tenth_ws/src/f1tenth-software-stack/bringup -DCMAKE_INSTALL_PREFIX=/home/ugrp/f1tenth_ws/install/bringup
[0.462s] Invoking command in '/home/ugrp/f1tenth_ws/build/bringup': CMAKE_PREFIX_PATH=/opt/ros/humble /usr/bin/cmake --build /home/ugrp/f1tenth_ws/build/bringup -- -j16 -l16
[0.493s] Invoked command in '/home/ugrp/f1tenth_ws/build/bringup' returned '0': CMAKE_PREFIX_PATH=/opt/ros/humble /usr/bin/cmake --build /home/ugrp/f1tenth_ws/build/bringup -- -j16 -l16
[0.502s] Invoking command in '/home/ugrp/f1tenth_ws/build/bringup': CMAKE_PREFIX_PATH=/opt/ros/humble /usr/bin/cmake --install /home/ugrp/f1tenth_ws/build/bringup
[0.508s] -- Install configuration: ""
[0.508s] -- Installing: /home/ugrp/f1tenth_ws/install/bringup/share/bringup/final_race_sim_launch.py
[0.508s] -- Installing: /home/ugrp/f1tenth_ws/install/bringup/share/bringup/final_race_real_launch.py
[0.508s] -- Installing: /home/ugrp/f1tenth_ws/install/bringup/share/bringup/levine_sim_launch.py
[0.508s] -- Installing: /home/ugrp/f1tenth_ws/install/bringup/share/bringup/levine_real_launch.py
[0.509s] -- Installing: /home/ugrp/f1tenth_ws/install/bringup/share/ament_index/resource_index/package_run_dependencies/bringup
[0.509s] -- Installing: /home/ugrp/f1tenth_ws/install/bringup/share/ament_index/resource_index/parent_prefix_path/bringup
[0.509s] -- Installing: /home/ugrp/f1tenth_ws/install/bringup/share/bringup/environment/ament_prefix_path.sh
[0.509s] -- Installing: /home/ugrp/f1tenth_ws/install/bringup/share/bringup/environment/ament_prefix_path.dsv
[0.509s] -- Installing: /home/ugrp/f1tenth_ws/install/bringup/share/bringup/environment/path.sh
[0.509s] -- Installing: /home/ugrp/f1tenth_ws/install/bringup/share/bringup/environment/path.dsv
[0.509s] -- Installing: /home/ugrp/f1tenth_ws/install/bringup/share/bringup/local_setup.bash
[0.509s] -- Installing: /home/ugrp/f1tenth_ws/install/bringup/share/bringup/local_setup.sh
[0.509s] -- Installing: /home/ugrp/f1tenth_ws/install/bringup/share/bringup/local_setup.zsh
[0.509s] -- Installing: /home/ugrp/f1tenth_ws/install/bringup/share/bringup/local_setup.dsv
[0.509s] -- Installing: /home/ugrp/f1tenth_ws/install/bringup/share/bringup/package.dsv
[0.510s] -- Installing: /home/ugrp/f1tenth_ws/install/bringup/share/ament_index/resource_index/packages/bringup
[0.510s] -- Installing: /home/ugrp/f1tenth_ws/install/bringup/share/bringup/cmake/bringupConfig.cmake
[0.510s] -- Installing: /home/ugrp/f1tenth_ws/install/bringup/share/bringup/cmake/bringupConfig-version.cmake
[0.510s] -- Installing: /home/ugrp/f1tenth_ws/install/bringup/share/bringup/package.xml
[0.511s] Invoked command in '/home/ugrp/f1tenth_ws/build/bringup' returned '0': CMAKE_PREFIX_PATH=/opt/ros/humble /usr/bin/cmake --install /home/ugrp/f1tenth_ws/build/bringup
