[0.167s] Invoking command in '/home/ugrp/f1tenth_ws/build/mpc': CMAKE_PREFIX_PATH=/opt/ros/humble /usr/bin/cmake /home/ugrp/f1tenth_ws/src/f1tenth-software-stack/mpc -DCMAKE_INSTALL_PREFIX=/home/ugrp/f1tenth_ws/install/mpc
[0.340s] -- The C compiler identification is GNU 11.4.0
[0.340s] -- The CXX compiler identification is GNU 11.4.0
[0.340s] -- Detecting C compiler ABI info
[0.340s] -- Detecting C compiler ABI info - done
[0.340s] -- Check for working C compiler: /usr/bin/cc - skipped
[0.340s] -- Detecting C compile features
[0.340s] -- Detecting C compile features - done
[0.340s] -- Detecting CXX compiler ABI info
[0.355s] -- Detecting CXX compiler ABI info - done
[0.361s] -- Check for working CXX compiler: /usr/bin/c++ - skipped
[0.361s] -- Detecting CXX compile features
[0.361s] -- Detecting CXX compile features - done
[0.363s] -- Found ament_cmake: 1.3.12 (/opt/ros/humble/share/ament_cmake/cmake)
[0.478s] -- Found Python3: /usr/bin/python3 (found version "3.10.12") found components: Interpreter 
[0.539s] -- Found rclcpp: 16.0.14 (/opt/ros/humble/share/rclcpp/cmake)
[0.570s] -- Found rosidl_generator_c: 3.1.7 (/opt/ros/humble/share/rosidl_generator_c/cmake)
[0.573s] -- Found rosidl_adapter: 3.1.7 (/opt/ros/humble/share/rosidl_adapter/cmake)
[0.579s] -- Found rosidl_generator_cpp: 3.1.7 (/opt/ros/humble/share/rosidl_generator_cpp/cmake)
[0.585s] -- Using all available rosidl_typesupport_c: rosidl_typesupport_fastrtps_c;rosidl_typesupport_introspection_c
[0.593s] -- Using all available rosidl_typesupport_cpp: rosidl_typesupport_fastrtps_cpp;rosidl_typesupport_introspection_cpp
[0.616s] -- Found rmw_implementation_cmake: 6.1.2 (/opt/ros/humble/share/rmw_implementation_cmake/cmake)
[0.617s] -- Found rmw_fastrtps_cpp: 6.2.8 (/opt/ros/humble/share/rmw_fastrtps_cpp/cmake)
[0.674s] -- Found OpenSSL: /usr/lib/x86_64-linux-gnu/libcrypto.so (found version "3.0.2")  
[0.691s] -- Found FastRTPS: /opt/ros/humble/include  
[0.719s] -- Using RMW implementation 'rmw_fastrtps_cpp' as default
[0.724s] -- Looking for pthread.h
[0.779s] -- Looking for pthread.h - found
[0.779s] -- Performing Test CMAKE_HAVE_LIBC_PTHREAD
[0.829s] -- Performing Test CMAKE_HAVE_LIBC_PTHREAD - Success
[0.830s] -- Found Threads: TRUE  
[0.856s] -- Found rclpy: 3.3.17 (/opt/ros/humble/share/rclpy/cmake)
[0.857s] -- Found geometry_msgs: 4.9.0 (/opt/ros/humble/share/geometry_msgs/cmake)
[0.864s] -- Found nav_msgs: 4.9.0 (/opt/ros/humble/share/nav_msgs/cmake)
[0.874s] -- Found ackermann_msgs: 2.0.2 (/opt/ros/humble/share/ackermann_msgs/cmake)
[0.881s] -- Found sensor_msgs: 4.9.0 (/opt/ros/humble/share/sensor_msgs/cmake)
[0.890s] -- Found visualization_msgs: 4.9.0 (/opt/ros/humble/share/visualization_msgs/cmake)
[0.905s] -- Found tf2_ros: 0.25.15 (/opt/ros/humble/share/tf2_ros/cmake)
[1.006s] -- Found ament_lint_auto: 0.12.14 (/opt/ros/humble/share/ament_lint_auto/cmake)
[1.054s] -- Added test 'copyright' to check source files copyright and LICENSE
[1.055s] -- Added test 'cppcheck' to perform static code analysis on C / C++ code
[1.055s] -- Configured cppcheck include dirs: /home/ugrp/f1tenth_ws/src/f1tenth-software-stack/mpc/include
[1.055s] -- Configured cppcheck exclude dirs and/or files: 
[1.056s] -- Added test 'cpplint' to check C / C++ code against the Google style
[1.056s] -- Configured cpplint exclude dirs and/or files: 
[1.056s] -- Added test 'flake8' to check Python code syntax and style conventions
[1.056s] -- Added test 'lint_cmake' to check CMake code style
[1.056s] -- Added test 'pep257' to check Python code against some of the docstring style conventions in PEP 257
[1.057s] -- Added test 'uncrustify' to check C / C++ code style
[1.057s] -- Configured uncrustify additional arguments: 
[1.057s] -- Added test 'xmllint' to check XML markup files
[1.058s] -- Configuring done
[1.062s] -- Generating done
[1.064s] -- Build files have been written to: /home/ugrp/f1tenth_ws/build/mpc
[1.074s] Invoked command in '/home/ugrp/f1tenth_ws/build/mpc' returned '0': CMAKE_PREFIX_PATH=/opt/ros/humble /usr/bin/cmake /home/ugrp/f1tenth_ws/src/f1tenth-software-stack/mpc -DCMAKE_INSTALL_PREFIX=/home/ugrp/f1tenth_ws/install/mpc
[1.075s] Invoking command in '/home/ugrp/f1tenth_ws/build/mpc': CMAKE_PREFIX_PATH=/opt/ros/humble /usr/bin/cmake --build /home/ugrp/f1tenth_ws/build/mpc -- -j16 -l16
[1.115s] Built target ament_cmake_python_copy_mpc_setup
[1.118s] Built target ament_cmake_python_copy_mpc
[1.254s] /home/ugrp/.local/lib/python3.10/site-packages/setuptools/dist.py:717: UserWarning: Usage of dash-separated 'script-dir' will not be supported in future versions. Please use the underscore name 'script_dir' instead
[1.254s]   warnings.warn(
[1.254s] /home/ugrp/.local/lib/python3.10/site-packages/setuptools/dist.py:717: UserWarning: Usage of dash-separated 'install-scripts' will not be supported in future versions. Please use the underscore name 'install_scripts' instead
[1.254s]   warnings.warn(
[1.266s] running egg_info
[1.266s] creating mpc.egg-info
[1.266s] writing mpc.egg-info/PKG-INFO
[1.266s] writing dependency_links to mpc.egg-info/dependency_links.txt
[1.266s] writing top-level names to mpc.egg-info/top_level.txt
[1.267s] writing manifest file 'mpc.egg-info/SOURCES.txt'
[1.268s] reading manifest file 'mpc.egg-info/SOURCES.txt'
[1.268s] writing manifest file 'mpc.egg-info/SOURCES.txt'
[1.286s] Built target ament_cmake_python_build_mpc_egg
[1.294s] Invoked command in '/home/ugrp/f1tenth_ws/build/mpc' returned '0': CMAKE_PREFIX_PATH=/opt/ros/humble /usr/bin/cmake --build /home/ugrp/f1tenth_ws/build/mpc -- -j16 -l16
[1.295s] Invoking command in '/home/ugrp/f1tenth_ws/build/mpc': CMAKE_PREFIX_PATH=/opt/ros/humble /usr/bin/cmake --install /home/ugrp/f1tenth_ws/build/mpc
[1.299s] -- Install configuration: ""
[1.299s] -- Installing: /home/ugrp/f1tenth_ws/install/mpc/share/mpc/environment/pythonpath.sh
[1.299s] -- Installing: /home/ugrp/f1tenth_ws/install/mpc/share/mpc/environment/pythonpath.dsv
[1.299s] -- Installing: /home/ugrp/f1tenth_ws/install/mpc/local/lib/python3.10/dist-packages/mpc-0.0.0-py3.10.egg-info
[1.300s] -- Installing: /home/ugrp/f1tenth_ws/install/mpc/local/lib/python3.10/dist-packages/mpc-0.0.0-py3.10.egg-info/top_level.txt
[1.300s] -- Installing: /home/ugrp/f1tenth_ws/install/mpc/local/lib/python3.10/dist-packages/mpc-0.0.0-py3.10.egg-info/SOURCES.txt
[1.300s] -- Installing: /home/ugrp/f1tenth_ws/install/mpc/local/lib/python3.10/dist-packages/mpc-0.0.0-py3.10.egg-info/dependency_links.txt
[1.300s] -- Installing: /home/ugrp/f1tenth_ws/install/mpc/local/lib/python3.10/dist-packages/mpc-0.0.0-py3.10.egg-info/PKG-INFO
[1.300s] -- Installing: /home/ugrp/f1tenth_ws/install/mpc/local/lib/python3.10/dist-packages/mpc
[1.300s] -- Installing: /home/ugrp/f1tenth_ws/install/mpc/local/lib/python3.10/dist-packages/mpc/__init__.py
[1.318s] Listing '/home/ugrp/f1tenth_ws/install/mpc/local/lib/python3.10/dist-packages/mpc'...
[1.318s] Compiling '/home/ugrp/f1tenth_ws/install/mpc/local/lib/python3.10/dist-packages/mpc/__init__.py'...
[1.321s] -- Installing: /home/ugrp/f1tenth_ws/install/mpc/lib/mpc/mpc_node.py
[1.321s] -- Installing: /home/ugrp/f1tenth_ws/install/mpc/lib/mpc/utils.py
[1.321s] -- Installing: /home/ugrp/f1tenth_ws/install/mpc/share/ament_index/resource_index/package_run_dependencies/mpc
[1.321s] -- Installing: /home/ugrp/f1tenth_ws/install/mpc/share/ament_index/resource_index/parent_prefix_path/mpc
[1.321s] -- Installing: /home/ugrp/f1tenth_ws/install/mpc/share/mpc/environment/ament_prefix_path.sh
[1.321s] -- Installing: /home/ugrp/f1tenth_ws/install/mpc/share/mpc/environment/ament_prefix_path.dsv
[1.321s] -- Installing: /home/ugrp/f1tenth_ws/install/mpc/share/mpc/environment/path.sh
[1.322s] -- Installing: /home/ugrp/f1tenth_ws/install/mpc/share/mpc/environment/path.dsv
[1.322s] -- Installing: /home/ugrp/f1tenth_ws/install/mpc/share/mpc/local_setup.bash
[1.322s] -- Installing: /home/ugrp/f1tenth_ws/install/mpc/share/mpc/local_setup.sh
[1.322s] -- Installing: /home/ugrp/f1tenth_ws/install/mpc/share/mpc/local_setup.zsh
[1.322s] -- Installing: /home/ugrp/f1tenth_ws/install/mpc/share/mpc/local_setup.dsv
[1.323s] -- Installing: /home/ugrp/f1tenth_ws/install/mpc/share/mpc/package.dsv
[1.323s] -- Installing: /home/ugrp/f1tenth_ws/install/mpc/share/ament_index/resource_index/packages/mpc
[1.323s] -- Installing: /home/ugrp/f1tenth_ws/install/mpc/share/mpc/cmake/mpcConfig.cmake
[1.323s] -- Installing: /home/ugrp/f1tenth_ws/install/mpc/share/mpc/cmake/mpcConfig-version.cmake
[1.323s] -- Installing: /home/ugrp/f1tenth_ws/install/mpc/share/mpc/package.xml
[1.327s] Invoked command in '/home/ugrp/f1tenth_ws/build/mpc' returned '0': CMAKE_PREFIX_PATH=/opt/ros/humble /usr/bin/cmake --install /home/ugrp/f1tenth_ws/build/mpc
