[0.168s] Invoking command in '/home/ugrp/f1tenth_ws/build/lab6_pkg': CMAKE_PREFIX_PATH=/opt/ros/humble /usr/bin/cmake /home/ugrp/f1tenth_ws/src/f1tenth-software-stack/lab6_pkg -DCMAKE_INSTALL_PREFIX=/home/ugrp/f1tenth_ws/install/lab6_pkg
[0.341s] -- The C compiler identification is GNU 11.4.0
[0.342s] -- The CXX compiler identification is GNU 11.4.0
[0.342s] -- Detecting C compiler ABI info
[0.342s] -- Detecting C compiler ABI info - done
[0.342s] -- Check for working C compiler: /usr/bin/cc - skipped
[0.342s] -- Detecting C compile features
[0.342s] -- Detecting C compile features - done
[0.342s] -- Detecting CXX compiler ABI info
[0.356s] -- Detecting CXX compiler ABI info - done
[0.362s] -- Check for working CXX compiler: /usr/bin/c++ - skipped
[0.362s] -- Detecting CXX compile features
[0.363s] -- Detecting CXX compile features - done
[0.365s] -- Found ament_cmake: 1.3.12 (/opt/ros/humble/share/ament_cmake/cmake)
[0.481s] -- Found Python3: /usr/bin/python3 (found version "3.10.12") found components: Interpreter 
[0.542s] -- Found rclcpp: 16.0.14 (/opt/ros/humble/share/rclcpp/cmake)
[0.564s] -- Found rosidl_generator_c: 3.1.7 (/opt/ros/humble/share/rosidl_generator_c/cmake)
[0.567s] -- Found rosidl_adapter: 3.1.7 (/opt/ros/humble/share/rosidl_adapter/cmake)
[0.571s] -- Found rosidl_generator_cpp: 3.1.7 (/opt/ros/humble/share/rosidl_generator_cpp/cmake)
[0.578s] -- Using all available rosidl_typesupport_c: rosidl_typesupport_fastrtps_c;rosidl_typesupport_introspection_c
[0.587s] -- Using all available rosidl_typesupport_cpp: rosidl_typesupport_fastrtps_cpp;rosidl_typesupport_introspection_cpp
[0.609s] -- Found rmw_implementation_cmake: 6.1.2 (/opt/ros/humble/share/rmw_implementation_cmake/cmake)
[0.610s] -- Found rmw_fastrtps_cpp: 6.2.8 (/opt/ros/humble/share/rmw_fastrtps_cpp/cmake)
[0.665s] -- Found OpenSSL: /usr/lib/x86_64-linux-gnu/libcrypto.so (found version "3.0.2")  
[0.689s] -- Found FastRTPS: /opt/ros/humble/include  
[0.725s] -- Using RMW implementation 'rmw_fastrtps_cpp' as default
[0.730s] -- Looking for pthread.h
[0.782s] -- Looking for pthread.h - found
[0.782s] -- Performing Test CMAKE_HAVE_LIBC_PTHREAD
[0.832s] -- Performing Test CMAKE_HAVE_LIBC_PTHREAD - Success
[0.832s] -- Found Threads: TRUE  
[0.859s] -- Found rclpy: 3.3.17 (/opt/ros/humble/share/rclpy/cmake)
[0.860s] -- Found geometry_msgs: 4.9.0 (/opt/ros/humble/share/geometry_msgs/cmake)
[0.866s] -- Found nav_msgs: 4.9.0 (/opt/ros/humble/share/nav_msgs/cmake)
[0.876s] -- Found ackermann_msgs: 2.0.2 (/opt/ros/humble/share/ackermann_msgs/cmake)
[0.883s] -- Found sensor_msgs: 4.9.0 (/opt/ros/humble/share/sensor_msgs/cmake)
[0.892s] -- Found visualization_msgs: 4.9.0 (/opt/ros/humble/share/visualization_msgs/cmake)
[0.911s] -- Found tf2_ros: 0.25.15 (/opt/ros/humble/share/tf2_ros/cmake)
[1.013s] -- Found ament_lint_auto: 0.12.14 (/opt/ros/humble/share/ament_lint_auto/cmake)
[1.063s] -- Added test 'copyright' to check source files copyright and LICENSE
[1.065s] -- Added test 'cppcheck' to perform static code analysis on C / C++ code
[1.065s] -- Configured cppcheck include dirs: 
[1.065s] -- Configured cppcheck exclude dirs and/or files: 
[1.066s] -- Added test 'cpplint' to check C / C++ code against the Google style
[1.066s] -- Configured cpplint exclude dirs and/or files: 
[1.067s] -- Added test 'flake8' to check Python code syntax and style conventions
[1.067s] -- Added test 'lint_cmake' to check CMake code style
[1.068s] -- Added test 'pep257' to check Python code against some of the docstring style conventions in PEP 257
[1.069s] -- Added test 'uncrustify' to check C / C++ code style
[1.069s] -- Configured uncrustify additional arguments: 
[1.070s] -- Added test 'xmllint' to check XML markup files
[1.071s] -- Configuring done
[1.076s] -- Generating done
[1.078s] -- Build files have been written to: /home/ugrp/f1tenth_ws/build/lab6_pkg
[1.086s] Invoked command in '/home/ugrp/f1tenth_ws/build/lab6_pkg' returned '0': CMAKE_PREFIX_PATH=/opt/ros/humble /usr/bin/cmake /home/ugrp/f1tenth_ws/src/f1tenth-software-stack/lab6_pkg -DCMAKE_INSTALL_PREFIX=/home/ugrp/f1tenth_ws/install/lab6_pkg
[1.087s] Invoking command in '/home/ugrp/f1tenth_ws/build/lab6_pkg': CMAKE_PREFIX_PATH=/opt/ros/humble /usr/bin/cmake --build /home/ugrp/f1tenth_ws/build/lab6_pkg -- -j16 -l16
[1.131s] Built target ament_cmake_python_copy_lab6_pkg
[1.131s] Built target ament_cmake_python_copy_lab6_pkg_setup
[1.275s] /home/ugrp/.local/lib/python3.10/site-packages/setuptools/dist.py:717: UserWarning: Usage of dash-separated 'script-dir' will not be supported in future versions. Please use the underscore name 'script_dir' instead
[1.275s]   warnings.warn(
[1.275s] /home/ugrp/.local/lib/python3.10/site-packages/setuptools/dist.py:717: UserWarning: Usage of dash-separated 'install-scripts' will not be supported in future versions. Please use the underscore name 'install_scripts' instead
[1.275s]   warnings.warn(
[1.287s] running egg_info
[1.288s] creating lab6_pkg.egg-info
[1.288s] writing lab6_pkg.egg-info/PKG-INFO
[1.288s] writing dependency_links to lab6_pkg.egg-info/dependency_links.txt
[1.288s] writing top-level names to lab6_pkg.egg-info/top_level.txt
[1.288s] writing manifest file 'lab6_pkg.egg-info/SOURCES.txt'
[1.289s] reading manifest file 'lab6_pkg.egg-info/SOURCES.txt'
[1.289s] writing manifest file 'lab6_pkg.egg-info/SOURCES.txt'
[1.305s] Built target ament_cmake_python_build_lab6_pkg_egg
[1.313s] Invoked command in '/home/ugrp/f1tenth_ws/build/lab6_pkg' returned '0': CMAKE_PREFIX_PATH=/opt/ros/humble /usr/bin/cmake --build /home/ugrp/f1tenth_ws/build/lab6_pkg -- -j16 -l16
[1.314s] Invoking command in '/home/ugrp/f1tenth_ws/build/lab6_pkg': CMAKE_PREFIX_PATH=/opt/ros/humble /usr/bin/cmake --install /home/ugrp/f1tenth_ws/build/lab6_pkg
[1.319s] -- Install configuration: ""
[1.319s] -- Installing: /home/ugrp/f1tenth_ws/install/lab6_pkg/share/lab6_pkg/environment/pythonpath.sh
[1.319s] -- Installing: /home/ugrp/f1tenth_ws/install/lab6_pkg/share/lab6_pkg/environment/pythonpath.dsv
[1.319s] -- Installing: /home/ugrp/f1tenth_ws/install/lab6_pkg/local/lib/python3.10/dist-packages/lab6_pkg-0.0.0-py3.10.egg-info
[1.319s] -- Installing: /home/ugrp/f1tenth_ws/install/lab6_pkg/local/lib/python3.10/dist-packages/lab6_pkg-0.0.0-py3.10.egg-info/top_level.txt
[1.319s] -- Installing: /home/ugrp/f1tenth_ws/install/lab6_pkg/local/lib/python3.10/dist-packages/lab6_pkg-0.0.0-py3.10.egg-info/SOURCES.txt
[1.320s] -- Installing: /home/ugrp/f1tenth_ws/install/lab6_pkg/local/lib/python3.10/dist-packages/lab6_pkg-0.0.0-py3.10.egg-info/dependency_links.txt
[1.320s] -- Installing: /home/ugrp/f1tenth_ws/install/lab6_pkg/local/lib/python3.10/dist-packages/lab6_pkg-0.0.0-py3.10.egg-info/PKG-INFO
[1.320s] -- Installing: /home/ugrp/f1tenth_ws/install/lab6_pkg/local/lib/python3.10/dist-packages/lab6_pkg
[1.320s] -- Installing: /home/ugrp/f1tenth_ws/install/lab6_pkg/local/lib/python3.10/dist-packages/lab6_pkg/__init__.py
[1.338s] Listing '/home/ugrp/f1tenth_ws/install/lab6_pkg/local/lib/python3.10/dist-packages/lab6_pkg'...
[1.338s] Compiling '/home/ugrp/f1tenth_ws/install/lab6_pkg/local/lib/python3.10/dist-packages/lab6_pkg/__init__.py'...
[1.341s] -- Installing: /home/ugrp/f1tenth_ws/install/lab6_pkg/lib/lab6_pkg/rrt_node.py
[1.341s] -- Installing: /home/ugrp/f1tenth_ws/install/lab6_pkg/lib/lab6_pkg/motion_planning_pure_pursuit_node.py
[1.341s] -- Installing: /home/ugrp/f1tenth_ws/install/lab6_pkg/share/ament_index/resource_index/package_run_dependencies/lab6_pkg
[1.341s] -- Installing: /home/ugrp/f1tenth_ws/install/lab6_pkg/share/ament_index/resource_index/parent_prefix_path/lab6_pkg
[1.342s] -- Installing: /home/ugrp/f1tenth_ws/install/lab6_pkg/share/lab6_pkg/environment/ament_prefix_path.sh
[1.342s] -- Installing: /home/ugrp/f1tenth_ws/install/lab6_pkg/share/lab6_pkg/environment/ament_prefix_path.dsv
[1.342s] -- Installing: /home/ugrp/f1tenth_ws/install/lab6_pkg/share/lab6_pkg/environment/path.sh
[1.342s] -- Installing: /home/ugrp/f1tenth_ws/install/lab6_pkg/share/lab6_pkg/environment/path.dsv
[1.342s] -- Installing: /home/ugrp/f1tenth_ws/install/lab6_pkg/share/lab6_pkg/local_setup.bash
[1.342s] -- Installing: /home/ugrp/f1tenth_ws/install/lab6_pkg/share/lab6_pkg/local_setup.sh
[1.342s] -- Installing: /home/ugrp/f1tenth_ws/install/lab6_pkg/share/lab6_pkg/local_setup.zsh
[1.342s] -- Installing: /home/ugrp/f1tenth_ws/install/lab6_pkg/share/lab6_pkg/local_setup.dsv
[1.342s] -- Installing: /home/ugrp/f1tenth_ws/install/lab6_pkg/share/lab6_pkg/package.dsv
[1.342s] -- Installing: /home/ugrp/f1tenth_ws/install/lab6_pkg/share/ament_index/resource_index/packages/lab6_pkg
[1.342s] -- Installing: /home/ugrp/f1tenth_ws/install/lab6_pkg/share/lab6_pkg/cmake/lab6_pkgConfig.cmake
[1.342s] -- Installing: /home/ugrp/f1tenth_ws/install/lab6_pkg/share/lab6_pkg/cmake/lab6_pkgConfig-version.cmake
[1.343s] -- Installing: /home/ugrp/f1tenth_ws/install/lab6_pkg/share/lab6_pkg/package.xml
[1.344s] Invoked command in '/home/ugrp/f1tenth_ws/build/lab6_pkg' returned '0': CMAKE_PREFIX_PATH=/opt/ros/humble /usr/bin/cmake --install /home/ugrp/f1tenth_ws/build/lab6_pkg
