[0.166s] Invoking command in '/home/ugrp/f1tenth_ws/build/safety_node': CMAKE_PREFIX_PATH=/opt/ros/humble /usr/bin/cmake /home/ugrp/f1tenth_ws/src/f1tenth-software-stack/safety_node -DCMAKE_INSTALL_PREFIX=/home/ugrp/f1tenth_ws/install/safety_node
[0.338s] -- The C compiler identification is GNU 11.4.0
[0.338s] -- The CXX compiler identification is GNU 11.4.0
[0.338s] -- Detecting C compiler ABI info
[0.338s] -- Detecting C compiler ABI info - done
[0.338s] -- Check for working C compiler: /usr/bin/cc - skipped
[0.338s] -- Detecting C compile features
[0.338s] -- Detecting C compile features - done
[0.338s] -- Detecting CXX compiler ABI info
[0.349s] -- Detecting CXX compiler ABI info - done
[0.356s] -- Check for working CXX compiler: /usr/bin/c++ - skipped
[0.356s] -- Detecting CXX compile features
[0.356s] -- Detecting CXX compile features - done
[0.358s] -- Found ament_cmake: 1.3.12 (/opt/ros/humble/share/ament_cmake/cmake)
[0.458s] -- Found Python3: /usr/bin/python3 (found version "3.10.12") found components: Interpreter 
[0.512s] -- Found rclcpp: 16.0.14 (/opt/ros/humble/share/rclcpp/cmake)
[0.536s] -- Found rosidl_generator_c: 3.1.7 (/opt/ros/humble/share/rosidl_generator_c/cmake)
[0.539s] -- Found rosidl_adapter: 3.1.7 (/opt/ros/humble/share/rosidl_adapter/cmake)
[0.545s] -- Found rosidl_generator_cpp: 3.1.7 (/opt/ros/humble/share/rosidl_generator_cpp/cmake)
[0.554s] -- Using all available rosidl_typesupport_c: rosidl_typesupport_fastrtps_c;rosidl_typesupport_introspection_c
[0.565s] -- Using all available rosidl_typesupport_cpp: rosidl_typesupport_fastrtps_cpp;rosidl_typesupport_introspection_cpp
[0.592s] -- Found rmw_implementation_cmake: 6.1.2 (/opt/ros/humble/share/rmw_implementation_cmake/cmake)
[0.594s] -- Found rmw_fastrtps_cpp: 6.2.8 (/opt/ros/humble/share/rmw_fastrtps_cpp/cmake)
[0.659s] -- Found OpenSSL: /usr/lib/x86_64-linux-gnu/libcrypto.so (found version "3.0.2")  
[0.679s] -- Found FastRTPS: /opt/ros/humble/include  
[0.706s] -- Using RMW implementation 'rmw_fastrtps_cpp' as default
[0.711s] -- Looking for pthread.h
[0.761s] -- Looking for pthread.h - found
[0.761s] -- Performing Test CMAKE_HAVE_LIBC_PTHREAD
[0.808s] -- Performing Test CMAKE_HAVE_LIBC_PTHREAD - Success
[0.809s] -- Found Threads: TRUE  
[0.839s] -- Found rclpy: 3.3.17 (/opt/ros/humble/share/rclpy/cmake)
[0.840s] -- Found nav_msgs: 4.9.0 (/opt/ros/humble/share/nav_msgs/cmake)
[0.855s] -- Found ackermann_msgs: 2.0.2 (/opt/ros/humble/share/ackermann_msgs/cmake)
[0.863s] -- Found sensor_msgs: 4.9.0 (/opt/ros/humble/share/sensor_msgs/cmake)
[0.923s] -- Found ament_lint_auto: 0.12.14 (/opt/ros/humble/share/ament_lint_auto/cmake)
[0.970s] -- Added test 'copyright' to check source files copyright and LICENSE
[0.971s] -- Added test 'cppcheck' to perform static code analysis on C / C++ code
[0.971s] -- Configured cppcheck include dirs: /home/ugrp/f1tenth_ws/src/f1tenth-software-stack/safety_node/include
[0.971s] -- Configured cppcheck exclude dirs and/or files: 
[0.972s] -- Added test 'cpplint' to check C / C++ code against the Google style
[0.972s] -- Configured cpplint exclude dirs and/or files: 
[0.972s] -- Added test 'flake8' to check Python code syntax and style conventions
[0.973s] -- Added test 'lint_cmake' to check CMake code style
[0.973s] -- Added test 'pep257' to check Python code against some of the docstring style conventions in PEP 257
[0.973s] -- Added test 'uncrustify' to check C / C++ code style
[0.973s] -- Configured uncrustify additional arguments: 
[0.974s] -- Added test 'xmllint' to check XML markup files
[0.974s] -- Configuring done
[0.982s] -- Generating done
[0.984s] -- Build files have been written to: /home/ugrp/f1tenth_ws/build/safety_node
[0.994s] Invoked command in '/home/ugrp/f1tenth_ws/build/safety_node' returned '0': CMAKE_PREFIX_PATH=/opt/ros/humble /usr/bin/cmake /home/ugrp/f1tenth_ws/src/f1tenth-software-stack/safety_node -DCMAKE_INSTALL_PREFIX=/home/ugrp/f1tenth_ws/install/safety_node
[0.995s] Invoking command in '/home/ugrp/f1tenth_ws/build/safety_node': CMAKE_PREFIX_PATH=/opt/ros/humble /usr/bin/cmake --build /home/ugrp/f1tenth_ws/build/safety_node -- -j16 -l16
[1.031s] [ 50%] [32mBuilding CXX object CMakeFiles/safety_node.dir/src/safety_node.cpp.o[0m
[1.038s] [ 50%] Built target ament_cmake_python_copy_safety_node_setup
[1.038s] [ 50%] Built target ament_cmake_python_copy_safety_node
[1.184s] /home/ugrp/.local/lib/python3.10/site-packages/setuptools/dist.py:717: UserWarning: Usage of dash-separated 'script-dir' will not be supported in future versions. Please use the underscore name 'script_dir' instead
[1.184s]   warnings.warn(
[1.184s] /home/ugrp/.local/lib/python3.10/site-packages/setuptools/dist.py:717: UserWarning: Usage of dash-separated 'install-scripts' will not be supported in future versions. Please use the underscore name 'install_scripts' instead
[1.184s]   warnings.warn(
[1.197s] running egg_info
[1.198s] creating safety_node.egg-info
[1.198s] writing safety_node.egg-info/PKG-INFO
[1.198s] writing dependency_links to safety_node.egg-info/dependency_links.txt
[1.198s] writing top-level names to safety_node.egg-info/top_level.txt
[1.198s] writing manifest file 'safety_node.egg-info/SOURCES.txt'
[1.199s] reading manifest file 'safety_node.egg-info/SOURCES.txt'
[1.199s] writing manifest file 'safety_node.egg-info/SOURCES.txt'
[1.218s] [ 50%] Built target ament_cmake_python_build_safety_node_egg
[2.316s] [01m[K/home/ugrp/f1tenth_ws/src/f1tenth-software-stack/safety_node/src/safety_node.cpp:[m[K In member function ‘[01m[Kvoid Safety::drive_callback(nav_msgs::msg::Odometry_<std::allocator<void> >::ConstSharedPtr)[m[K’:
[2.316s] [01m[K/home/ugrp/f1tenth_ws/src/f1tenth-software-stack/safety_node/src/safety_node.cpp:33:71:[m[K [01;35m[Kwarning: [m[Kunused parameter ‘[01m[Kmsg[m[K’ [[01;35m[K]8;;https://gcc.gnu.org/onlinedocs/gcc/Warning-Options.html#index-Wunused-parameter-Wunused-parameter]8;;[m[K]
[2.316s]    33 |     void drive_callback([01;35m[Kconst nav_msgs::msg::Odometry::ConstSharedPtr msg[m[K)
[2.316s]       |                         [01;35m[K~~~~~~~~~~~~~~~~~~~~~~~~~~~~~~~~~~~~~~~~~~~~~~^~~[m[K
[2.317s] [01m[K/home/ugrp/f1tenth_ws/src/f1tenth-software-stack/safety_node/src/safety_node.cpp:[m[K In member function ‘[01m[Kvoid Safety::scan_callback(sensor_msgs::msg::LaserScan_<std::allocator<void> >::ConstSharedPtr)[m[K’:
[2.317s] [01m[K/home/ugrp/f1tenth_ws/src/f1tenth-software-stack/safety_node/src/safety_node.cpp:38:74:[m[K [01;35m[Kwarning: [m[Kunused parameter ‘[01m[Kscan_msg[m[K’ [[01;35m[K]8;;https://gcc.gnu.org/onlinedocs/gcc/Warning-Options.html#index-Wunused-parameter-Wunused-parameter]8;;[m[K]
[2.317s]    38 |     void scan_callback([01;35m[Kconst sensor_msgs::msg::LaserScan::ConstSharedPtr scan_msg[m[K)
[2.317s]       |                        [01;35m[K~~~~~~~~~~~~~~~~~~~~~~~~~~~~~~~~~~~~~~~~~~~~~~~~~~^~~~~~~~[m[K
[2.594s] [100%] [32m[1mLinking CXX executable safety_node[0m
[2.662s] [100%] Built target safety_node
[2.669s] Invoked command in '/home/ugrp/f1tenth_ws/build/safety_node' returned '0': CMAKE_PREFIX_PATH=/opt/ros/humble /usr/bin/cmake --build /home/ugrp/f1tenth_ws/build/safety_node -- -j16 -l16
[2.670s] Invoking command in '/home/ugrp/f1tenth_ws/build/safety_node': CMAKE_PREFIX_PATH=/opt/ros/humble /usr/bin/cmake --install /home/ugrp/f1tenth_ws/build/safety_node
[2.675s] -- Install configuration: ""
[2.675s] -- Installing: /home/ugrp/f1tenth_ws/install/safety_node/lib/safety_node/safety_node
[2.675s] -- Set runtime path of "/home/ugrp/f1tenth_ws/install/safety_node/lib/safety_node/safety_node" to ""
[2.675s] -- Installing: /home/ugrp/f1tenth_ws/install/safety_node/share/safety_node/environment/pythonpath.sh
[2.675s] -- Installing: /home/ugrp/f1tenth_ws/install/safety_node/share/safety_node/environment/pythonpath.dsv
[2.675s] -- Installing: /home/ugrp/f1tenth_ws/install/safety_node/local/lib/python3.10/dist-packages/safety_node-0.0.0-py3.10.egg-info
[2.675s] -- Installing: /home/ugrp/f1tenth_ws/install/safety_node/local/lib/python3.10/dist-packages/safety_node-0.0.0-py3.10.egg-info/top_level.txt
[2.675s] -- Installing: /home/ugrp/f1tenth_ws/install/safety_node/local/lib/python3.10/dist-packages/safety_node-0.0.0-py3.10.egg-info/SOURCES.txt
[2.675s] -- Installing: /home/ugrp/f1tenth_ws/install/safety_node/local/lib/python3.10/dist-packages/safety_node-0.0.0-py3.10.egg-info/dependency_links.txt
[2.676s] -- Installing: /home/ugrp/f1tenth_ws/install/safety_node/local/lib/python3.10/dist-packages/safety_node-0.0.0-py3.10.egg-info/PKG-INFO
[2.676s] -- Installing: /home/ugrp/f1tenth_ws/install/safety_node/local/lib/python3.10/dist-packages/safety_node
[2.676s] -- Installing: /home/ugrp/f1tenth_ws/install/safety_node/local/lib/python3.10/dist-packages/safety_node/__init__.py
[2.692s] Listing '/home/ugrp/f1tenth_ws/install/safety_node/local/lib/python3.10/dist-packages/safety_node'...
[2.692s] Compiling '/home/ugrp/f1tenth_ws/install/safety_node/local/lib/python3.10/dist-packages/safety_node/__init__.py'...
[2.694s] -- Installing: /home/ugrp/f1tenth_ws/install/safety_node/lib/safety_node/safety_node.py
[2.695s] -- Installing: /home/ugrp/f1tenth_ws/install/safety_node/share/ament_index/resource_index/package_run_dependencies/safety_node
[2.695s] -- Installing: /home/ugrp/f1tenth_ws/install/safety_node/share/ament_index/resource_index/parent_prefix_path/safety_node
[2.695s] -- Installing: /home/ugrp/f1tenth_ws/install/safety_node/share/safety_node/environment/ament_prefix_path.sh
[2.695s] -- Installing: /home/ugrp/f1tenth_ws/install/safety_node/share/safety_node/environment/ament_prefix_path.dsv
[2.695s] -- Installing: /home/ugrp/f1tenth_ws/install/safety_node/share/safety_node/environment/path.sh
[2.695s] -- Installing: /home/ugrp/f1tenth_ws/install/safety_node/share/safety_node/environment/path.dsv
[2.696s] -- Installing: /home/ugrp/f1tenth_ws/install/safety_node/share/safety_node/local_setup.bash
[2.696s] -- Installing: /home/ugrp/f1tenth_ws/install/safety_node/share/safety_node/local_setup.sh
[2.696s] -- Installing: /home/ugrp/f1tenth_ws/install/safety_node/share/safety_node/local_setup.zsh
[2.696s] -- Installing: /home/ugrp/f1tenth_ws/install/safety_node/share/safety_node/local_setup.dsv
[2.696s] -- Installing: /home/ugrp/f1tenth_ws/install/safety_node/share/safety_node/package.dsv
[2.696s] -- Installing: /home/ugrp/f1tenth_ws/install/safety_node/share/ament_index/resource_index/packages/safety_node
[2.696s] -- Installing: /home/ugrp/f1tenth_ws/install/safety_node/share/safety_node/cmake/safety_nodeConfig.cmake
[2.696s] -- Installing: /home/ugrp/f1tenth_ws/install/safety_node/share/safety_node/cmake/safety_nodeConfig-version.cmake
[2.696s] -- Installing: /home/ugrp/f1tenth_ws/install/safety_node/share/safety_node/package.xml
[2.698s] Invoked command in '/home/ugrp/f1tenth_ws/build/safety_node' returned '0': CMAKE_PREFIX_PATH=/opt/ros/humble /usr/bin/cmake --install /home/ugrp/f1tenth_ws/build/safety_node
